  main.cpp
C:\Users\user\Desktop\ДЛЯ ИГРЫ\Моя игра\OpenGL_tutorial\tut_Basic_Objects\GL\bass.h(654,7): warning C4200: нестандартное расширение: массив нулевого размера в структуре (объединении)
C:\Users\user\Desktop\ДЛЯ ИГРЫ\Моя игра\OpenGL_tutorial\tut_Basic_Objects\GL\bass.h(654,7): message : Этот член будет пропущен конструктором, установленным по умолчанию, или оператором назначения копии или перемещения
C:\Users\user\Desktop\ДЛЯ ИГРЫ\Моя игра\OpenGL_tutorial\tut_Basic_Objects\main.cpp(82,30): warning C4305: аргумент: усечение из "double" в "GLfloat"
C:\Users\user\Desktop\ДЛЯ ИГРЫ\Моя игра\OpenGL_tutorial\tut_Basic_Objects\main.cpp(82,60): warning C4305: аргумент: усечение из "double" в "GLfloat"
C:\Users\user\Desktop\ДЛЯ ИГРЫ\Моя игра\OpenGL_tutorial\tut_Basic_Objects\main.cpp(83,30): warning C4305: аргумент: усечение из "double" в "GLfloat"
C:\Users\user\Desktop\ДЛЯ ИГРЫ\Моя игра\OpenGL_tutorial\tut_Basic_Objects\main.cpp(83,62): warning C4305: аргумент: усечение из "double" в "GLfloat"
C:\Users\user\Desktop\ДЛЯ ИГРЫ\Моя игра\OpenGL_tutorial\tut_Basic_Objects\main.cpp(85,30): warning C4305: аргумент: усечение из "double" в "GLfloat"
C:\Users\user\Desktop\ДЛЯ ИГРЫ\Моя игра\OpenGL_tutorial\tut_Basic_Objects\main.cpp(85,60): warning C4305: аргумент: усечение из "double" в "GLfloat"
C:\Users\user\Desktop\ДЛЯ ИГРЫ\Моя игра\OpenGL_tutorial\tut_Basic_Objects\main.cpp(86,30): warning C4305: аргумент: усечение из "double" в "GLfloat"
C:\Users\user\Desktop\ДЛЯ ИГРЫ\Моя игра\OpenGL_tutorial\tut_Basic_Objects\main.cpp(86,62): warning C4305: аргумент: усечение из "double" в "GLfloat"
C:\Users\user\Desktop\ДЛЯ ИГРЫ\Моя игра\OpenGL_tutorial\tut_Basic_Objects\main.cpp(93,31): warning C4305: аргумент: усечение из "double" в "GLfloat"
C:\Users\user\Desktop\ДЛЯ ИГРЫ\Моя игра\OpenGL_tutorial\tut_Basic_Objects\main.cpp(93,63): warning C4305: аргумент: усечение из "double" в "GLfloat"
C:\Users\user\Desktop\ДЛЯ ИГРЫ\Моя игра\OpenGL_tutorial\tut_Basic_Objects\main.cpp(94,31): warning C4305: аргумент: усечение из "double" в "GLfloat"
C:\Users\user\Desktop\ДЛЯ ИГРЫ\Моя игра\OpenGL_tutorial\tut_Basic_Objects\main.cpp(94,63): warning C4305: аргумент: усечение из "double" в "GLfloat"
C:\Users\user\Desktop\ДЛЯ ИГРЫ\Моя игра\OpenGL_tutorial\tut_Basic_Objects\main.cpp(96,31): warning C4305: аргумент: усечение из "double" в "GLfloat"
C:\Users\user\Desktop\ДЛЯ ИГРЫ\Моя игра\OpenGL_tutorial\tut_Basic_Objects\main.cpp(96,63): warning C4305: аргумент: усечение из "double" в "GLfloat"
C:\Users\user\Desktop\ДЛЯ ИГРЫ\Моя игра\OpenGL_tutorial\tut_Basic_Objects\main.cpp(97,31): warning C4305: аргумент: усечение из "double" в "GLfloat"
C:\Users\user\Desktop\ДЛЯ ИГРЫ\Моя игра\OpenGL_tutorial\tut_Basic_Objects\main.cpp(97,63): warning C4305: аргумент: усечение из "double" в "GLfloat"
C:\Users\user\Desktop\ДЛЯ ИГРЫ\Моя игра\OpenGL_tutorial\tut_Basic_Objects\main.cpp(104,31): warning C4305: аргумент: усечение из "double" в "GLfloat"
C:\Users\user\Desktop\ДЛЯ ИГРЫ\Моя игра\OpenGL_tutorial\tut_Basic_Objects\main.cpp(104,63): warning C4305: аргумент: усечение из "double" в "GLfloat"
C:\Users\user\Desktop\ДЛЯ ИГРЫ\Моя игра\OpenGL_tutorial\tut_Basic_Objects\main.cpp(105,31): warning C4305: аргумент: усечение из "double" в "GLfloat"
C:\Users\user\Desktop\ДЛЯ ИГРЫ\Моя игра\OpenGL_tutorial\tut_Basic_Objects\main.cpp(105,63): warning C4305: аргумент: усечение из "double" в "GLfloat"
C:\Users\user\Desktop\ДЛЯ ИГРЫ\Моя игра\OpenGL_tutorial\tut_Basic_Objects\main.cpp(113,30): warning C4305: аргумент: усечение из "double" в "GLfloat"
C:\Users\user\Desktop\ДЛЯ ИГРЫ\Моя игра\OpenGL_tutorial\tut_Basic_Objects\main.cpp(113,61): warning C4305: аргумент: усечение из "double" в "GLfloat"
C:\Users\user\Desktop\ДЛЯ ИГРЫ\Моя игра\OpenGL_tutorial\tut_Basic_Objects\main.cpp(114,30): warning C4305: аргумент: усечение из "double" в "GLfloat"
C:\Users\user\Desktop\ДЛЯ ИГРЫ\Моя игра\OpenGL_tutorial\tut_Basic_Objects\main.cpp(114,61): warning C4305: аргумент: усечение из "double" в "GLfloat"
C:\Users\user\Desktop\ДЛЯ ИГРЫ\Моя игра\OpenGL_tutorial\tut_Basic_Objects\main.cpp(116,30): warning C4305: аргумент: усечение из "double" в "GLfloat"
C:\Users\user\Desktop\ДЛЯ ИГРЫ\Моя игра\OpenGL_tutorial\tut_Basic_Objects\main.cpp(116,61): warning C4305: аргумент: усечение из "double" в "GLfloat"
C:\Users\user\Desktop\ДЛЯ ИГРЫ\Моя игра\OpenGL_tutorial\tut_Basic_Objects\main.cpp(117,30): warning C4305: аргумент: усечение из "double" в "GLfloat"
C:\Users\user\Desktop\ДЛЯ ИГРЫ\Моя игра\OpenGL_tutorial\tut_Basic_Objects\main.cpp(117,61): warning C4305: аргумент: усечение из "double" в "GLfloat"
C:\Users\user\Desktop\ДЛЯ ИГРЫ\Моя игра\OpenGL_tutorial\tut_Basic_Objects\main.cpp(124,30): warning C4305: аргумент: усечение из "double" в "GLfloat"
C:\Users\user\Desktop\ДЛЯ ИГРЫ\Моя игра\OpenGL_tutorial\tut_Basic_Objects\main.cpp(124,61): warning C4305: аргумент: усечение из "double" в "GLfloat"
C:\Users\user\Desktop\ДЛЯ ИГРЫ\Моя игра\OpenGL_tutorial\tut_Basic_Objects\main.cpp(125,30): warning C4305: аргумент: усечение из "double" в "GLfloat"
C:\Users\user\Desktop\ДЛЯ ИГРЫ\Моя игра\OpenGL_tutorial\tut_Basic_Objects\main.cpp(125,61): warning C4305: аргумент: усечение из "double" в "GLfloat"
C:\Users\user\Desktop\ДЛЯ ИГРЫ\Моя игра\OpenGL_tutorial\tut_Basic_Objects\main.cpp(133,29): warning C4305: аргумент: усечение из "double" в "GLfloat"
C:\Users\user\Desktop\ДЛЯ ИГРЫ\Моя игра\OpenGL_tutorial\tut_Basic_Objects\main.cpp(133,60): warning C4305: аргумент: усечение из "double" в "GLfloat"
C:\Users\user\Desktop\ДЛЯ ИГРЫ\Моя игра\OpenGL_tutorial\tut_Basic_Objects\main.cpp(134,30): warning C4305: аргумент: усечение из "double" в "GLfloat"
C:\Users\user\Desktop\ДЛЯ ИГРЫ\Моя игра\OpenGL_tutorial\tut_Basic_Objects\main.cpp(134,60): warning C4305: аргумент: усечение из "double" в "GLfloat"
C:\Users\user\Desktop\ДЛЯ ИГРЫ\Моя игра\OpenGL_tutorial\tut_Basic_Objects\main.cpp(136,30): warning C4305: аргумент: усечение из "double" в "GLfloat"
C:\Users\user\Desktop\ДЛЯ ИГРЫ\Моя игра\OpenGL_tutorial\tut_Basic_Objects\main.cpp(136,61): warning C4305: аргумент: усечение из "double" в "GLfloat"
C:\Users\user\Desktop\ДЛЯ ИГРЫ\Моя игра\OpenGL_tutorial\tut_Basic_Objects\main.cpp(137,30): warning C4305: аргумент: усечение из "double" в "GLfloat"
C:\Users\user\Desktop\ДЛЯ ИГРЫ\Моя игра\OpenGL_tutorial\tut_Basic_Objects\main.cpp(137,61): warning C4305: аргумент: усечение из "double" в "GLfloat"
C:\Users\user\Desktop\ДЛЯ ИГРЫ\Моя игра\OpenGL_tutorial\tut_Basic_Objects\main.cpp(139,30): warning C4305: аргумент: усечение из "double" в "GLfloat"
C:\Users\user\Desktop\ДЛЯ ИГРЫ\Моя игра\OpenGL_tutorial\tut_Basic_Objects\main.cpp(139,61): warning C4305: аргумент: усечение из "double" в "GLfloat"
C:\Users\user\Desktop\ДЛЯ ИГРЫ\Моя игра\OpenGL_tutorial\tut_Basic_Objects\main.cpp(140,30): warning C4305: аргумент: усечение из "double" в "GLfloat"
C:\Users\user\Desktop\ДЛЯ ИГРЫ\Моя игра\OpenGL_tutorial\tut_Basic_Objects\main.cpp(140,60): warning C4305: аргумент: усечение из "double" в "GLfloat"
C:\Users\user\Desktop\ДЛЯ ИГРЫ\Моя игра\OpenGL_tutorial\tut_Basic_Objects\main.cpp(142,30): warning C4305: аргумент: усечение из "double" в "GLfloat"
C:\Users\user\Desktop\ДЛЯ ИГРЫ\Моя игра\OpenGL_tutorial\tut_Basic_Objects\main.cpp(142,61): warning C4305: аргумент: усечение из "double" в "GLfloat"
C:\Users\user\Desktop\ДЛЯ ИГРЫ\Моя игра\OpenGL_tutorial\tut_Basic_Objects\main.cpp(143,30): warning C4305: аргумент: усечение из "double" в "GLfloat"
C:\Users\user\Desktop\ДЛЯ ИГРЫ\Моя игра\OpenGL_tutorial\tut_Basic_Objects\main.cpp(143,61): warning C4305: аргумент: усечение из "double" в "GLfloat"
C:\Users\user\Desktop\ДЛЯ ИГРЫ\Моя игра\OpenGL_tutorial\tut_Basic_Objects\main.cpp(145,30): warning C4305: аргумент: усечение из "double" в "GLfloat"
C:\Users\user\Desktop\ДЛЯ ИГРЫ\Моя игра\OpenGL_tutorial\tut_Basic_Objects\main.cpp(145,55): warning C4305: аргумент: усечение из "double" в "GLfloat"
C:\Users\user\Desktop\ДЛЯ ИГРЫ\Моя игра\OpenGL_tutorial\tut_Basic_Objects\main.cpp(146,28): warning C4305: аргумент: усечение из "double" в "GLfloat"
C:\Users\user\Desktop\ДЛЯ ИГРЫ\Моя игра\OpenGL_tutorial\tut_Basic_Objects\main.cpp(146,59): warning C4305: аргумент: усечение из "double" в "GLfloat"
C:\Users\user\Desktop\ДЛЯ ИГРЫ\Моя игра\OpenGL_tutorial\tut_Basic_Objects\main.cpp(148,24): warning C4305: аргумент: усечение из "double" в "GLfloat"
C:\Users\user\Desktop\ДЛЯ ИГРЫ\Моя игра\OpenGL_tutorial\tut_Basic_Objects\main.cpp(148,55): warning C4305: аргумент: усечение из "double" в "GLfloat"
C:\Users\user\Desktop\ДЛЯ ИГРЫ\Моя игра\OpenGL_tutorial\tut_Basic_Objects\main.cpp(149,30): warning C4305: аргумент: усечение из "double" в "GLfloat"
C:\Users\user\Desktop\ДЛЯ ИГРЫ\Моя игра\OpenGL_tutorial\tut_Basic_Objects\main.cpp(149,61): warning C4305: аргумент: усечение из "double" в "GLfloat"
C:\Users\user\Desktop\ДЛЯ ИГРЫ\Моя игра\OpenGL_tutorial\tut_Basic_Objects\main.cpp(151,30): warning C4305: аргумент: усечение из "double" в "GLfloat"
C:\Users\user\Desktop\ДЛЯ ИГРЫ\Моя игра\OpenGL_tutorial\tut_Basic_Objects\main.cpp(151,61): warning C4305: аргумент: усечение из "double" в "GLfloat"
C:\Users\user\Desktop\ДЛЯ ИГРЫ\Моя игра\OpenGL_tutorial\tut_Basic_Objects\main.cpp(152,30): warning C4305: аргумент: усечение из "double" в "GLfloat"
C:\Users\user\Desktop\ДЛЯ ИГРЫ\Моя игра\OpenGL_tutorial\tut_Basic_Objects\main.cpp(152,60): warning C4305: аргумент: усечение из "double" в "GLfloat"
C:\Users\user\Desktop\ДЛЯ ИГРЫ\Моя игра\OpenGL_tutorial\tut_Basic_Objects\main.cpp(154,30): warning C4305: аргумент: усечение из "double" в "GLfloat"
C:\Users\user\Desktop\ДЛЯ ИГРЫ\Моя игра\OpenGL_tutorial\tut_Basic_Objects\main.cpp(154,61): warning C4305: аргумент: усечение из "double" в "GLfloat"
C:\Users\user\Desktop\ДЛЯ ИГРЫ\Моя игра\OpenGL_tutorial\tut_Basic_Objects\main.cpp(155,30): warning C4305: аргумент: усечение из "double" в "GLfloat"
C:\Users\user\Desktop\ДЛЯ ИГРЫ\Моя игра\OpenGL_tutorial\tut_Basic_Objects\main.cpp(155,61): warning C4305: аргумент: усечение из "double" в "GLfloat"
C:\Users\user\Desktop\ДЛЯ ИГРЫ\Моя игра\OpenGL_tutorial\tut_Basic_Objects\main.cpp(157,30): warning C4305: аргумент: усечение из "double" в "GLfloat"
C:\Users\user\Desktop\ДЛЯ ИГРЫ\Моя игра\OpenGL_tutorial\tut_Basic_Objects\main.cpp(157,60): warning C4305: аргумент: усечение из "double" в "GLfloat"
C:\Users\user\Desktop\ДЛЯ ИГРЫ\Моя игра\OpenGL_tutorial\tut_Basic_Objects\main.cpp(158,30): warning C4305: аргумент: усечение из "double" в "GLfloat"
C:\Users\user\Desktop\ДЛЯ ИГРЫ\Моя игра\OpenGL_tutorial\tut_Basic_Objects\main.cpp(158,61): warning C4305: аргумент: усечение из "double" в "GLfloat"
C:\Users\user\Desktop\ДЛЯ ИГРЫ\Моя игра\OpenGL_tutorial\tut_Basic_Objects\main.cpp(160,29): warning C4305: аргумент: усечение из "double" в "GLfloat"
C:\Users\user\Desktop\ДЛЯ ИГРЫ\Моя игра\OpenGL_tutorial\tut_Basic_Objects\main.cpp(160,59): warning C4305: аргумент: усечение из "double" в "GLfloat"
C:\Users\user\Desktop\ДЛЯ ИГРЫ\Моя игра\OpenGL_tutorial\tut_Basic_Objects\main.cpp(161,30): warning C4305: аргумент: усечение из "double" в "GLfloat"
C:\Users\user\Desktop\ДЛЯ ИГРЫ\Моя игра\OpenGL_tutorial\tut_Basic_Objects\main.cpp(161,61): warning C4305: аргумент: усечение из "double" в "GLfloat"
C:\Users\user\Desktop\ДЛЯ ИГРЫ\Моя игра\OpenGL_tutorial\tut_Basic_Objects\main.cpp(163,30): warning C4305: аргумент: усечение из "double" в "GLfloat"
C:\Users\user\Desktop\ДЛЯ ИГРЫ\Моя игра\OpenGL_tutorial\tut_Basic_Objects\main.cpp(163,61): warning C4305: аргумент: усечение из "double" в "GLfloat"
C:\Users\user\Desktop\ДЛЯ ИГРЫ\Моя игра\OpenGL_tutorial\tut_Basic_Objects\main.cpp(164,30): warning C4305: аргумент: усечение из "double" в "GLfloat"
C:\Users\user\Desktop\ДЛЯ ИГРЫ\Моя игра\OpenGL_tutorial\tut_Basic_Objects\main.cpp(164,61): warning C4305: аргумент: усечение из "double" в "GLfloat"
C:\Users\user\Desktop\ДЛЯ ИГРЫ\Моя игра\OpenGL_tutorial\tut_Basic_Objects\main.cpp(166,30): warning C4305: аргумент: усечение из "double" в "GLfloat"
C:\Users\user\Desktop\ДЛЯ ИГРЫ\Моя игра\OpenGL_tutorial\tut_Basic_Objects\main.cpp(166,61): warning C4305: аргумент: усечение из "double" в "GLfloat"
C:\Users\user\Desktop\ДЛЯ ИГРЫ\Моя игра\OpenGL_tutorial\tut_Basic_Objects\main.cpp(167,30): warning C4305: аргумент: усечение из "double" в "GLfloat"
C:\Users\user\Desktop\ДЛЯ ИГРЫ\Моя игра\OpenGL_tutorial\tut_Basic_Objects\main.cpp(167,61): warning C4305: аргумент: усечение из "double" в "GLfloat"
C:\Users\user\Desktop\ДЛЯ ИГРЫ\Моя игра\OpenGL_tutorial\tut_Basic_Objects\main.cpp(169,30): warning C4305: аргумент: усечение из "double" в "GLfloat"
C:\Users\user\Desktop\ДЛЯ ИГРЫ\Моя игра\OpenGL_tutorial\tut_Basic_Objects\main.cpp(169,60): warning C4305: аргумент: усечение из "double" в "GLfloat"
C:\Users\user\Desktop\ДЛЯ ИГРЫ\Моя игра\OpenGL_tutorial\tut_Basic_Objects\main.cpp(170,30): warning C4305: аргумент: усечение из "double" в "GLfloat"
C:\Users\user\Desktop\ДЛЯ ИГРЫ\Моя игра\OpenGL_tutorial\tut_Basic_Objects\main.cpp(170,61): warning C4305: аргумент: усечение из "double" в "GLfloat"
C:\Users\user\Desktop\ДЛЯ ИГРЫ\Моя игра\OpenGL_tutorial\tut_Basic_Objects\main.cpp(172,30): warning C4305: аргумент: усечение из "double" в "GLfloat"
C:\Users\user\Desktop\ДЛЯ ИГРЫ\Моя игра\OpenGL_tutorial\tut_Basic_Objects\main.cpp(172,61): warning C4305: аргумент: усечение из "double" в "GLfloat"
C:\Users\user\Desktop\ДЛЯ ИГРЫ\Моя игра\OpenGL_tutorial\tut_Basic_Objects\main.cpp(173,30): warning C4305: аргумент: усечение из "double" в "GLfloat"
C:\Users\user\Desktop\ДЛЯ ИГРЫ\Моя игра\OpenGL_tutorial\tut_Basic_Objects\main.cpp(173,61): warning C4305: аргумент: усечение из "double" в "GLfloat"
C:\Users\user\Desktop\ДЛЯ ИГРЫ\Моя игра\OpenGL_tutorial\tut_Basic_Objects\main.cpp(175,30): warning C4305: аргумент: усечение из "double" в "GLfloat"
C:\Users\user\Desktop\ДЛЯ ИГРЫ\Моя игра\OpenGL_tutorial\tut_Basic_Objects\main.cpp(175,51): warning C4305: аргумент: усечение из "double" в "GLfloat"
C:\Users\user\Desktop\ДЛЯ ИГРЫ\Моя игра\OpenGL_tutorial\tut_Basic_Objects\main.cpp(176,30): warning C4305: аргумент: усечение из "double" в "GLfloat"
C:\Users\user\Desktop\ДЛЯ ИГРЫ\Моя игра\OpenGL_tutorial\tut_Basic_Objects\main.cpp(176,61): warning C4305: аргумент: усечение из "double" в "GLfloat"
C:\Users\user\Desktop\ДЛЯ ИГРЫ\Моя игра\OpenGL_tutorial\tut_Basic_Objects\main.cpp(178,30): warning C4305: аргумент: усечение из "double" в "GLfloat"
C:\Users\user\Desktop\ДЛЯ ИГРЫ\Моя игра\OpenGL_tutorial\tut_Basic_Objects\main.cpp(178,61): warning C4305: аргумент: усечение из "double" в "GLfloat"
C:\Users\user\Desktop\ДЛЯ ИГРЫ\Моя игра\OpenGL_tutorial\tut_Basic_Objects\main.cpp(179,30): warning C4305: аргумент: усечение из "double" в "GLfloat"
C:\Users\user\Desktop\ДЛЯ ИГРЫ\Моя игра\OpenGL_tutorial\tut_Basic_Objects\main.cpp(179,61): warning C4305: аргумент: усечение из "double" в "GLfloat"
C:\Users\user\Desktop\ДЛЯ ИГРЫ\Моя игра\OpenGL_tutorial\tut_Basic_Objects\main.cpp(181,30): warning C4305: аргумент: усечение из "double" в "GLfloat"
C:\Users\user\Desktop\ДЛЯ ИГРЫ\Моя игра\OpenGL_tutorial\tut_Basic_Objects\main.cpp(181,61): warning C4305: аргумент: усечение из "double" в "GLfloat"
C:\Users\user\Desktop\ДЛЯ ИГРЫ\Моя игра\OpenGL_tutorial\tut_Basic_Objects\main.cpp(182,30): warning C4305: аргумент: усечение из "double" в "GLfloat"
C:\Users\user\Desktop\ДЛЯ ИГРЫ\Моя игра\OpenGL_tutorial\tut_Basic_Objects\main.cpp(182,61): warning C4305: аргумент: усечение из "double" в "GLfloat"
C:\Users\user\Desktop\ДЛЯ ИГРЫ\Моя игра\OpenGL_tutorial\tut_Basic_Objects\main.cpp(184,30): warning C4305: аргумент: усечение из "double" в "GLfloat"
C:\Users\user\Desktop\ДЛЯ ИГРЫ\Моя игра\OpenGL_tutorial\tut_Basic_Objects\main.cpp(184,61): warning C4305: аргумент: усечение из "double" в "GLfloat"
C:\Users\user\Desktop\ДЛЯ ИГРЫ\Моя игра\OpenGL_tutorial\tut_Basic_Objects\main.cpp(185,30): warning C4305: аргумент: усечение из "double" в "GLfloat"
C:\Users\user\Desktop\ДЛЯ ИГРЫ\Моя игра\OpenGL_tutorial\tut_Basic_Objects\main.cpp(185,61): warning C4305: аргумент: усечение из "double" в "GLfloat"
C:\Users\user\Desktop\ДЛЯ ИГРЫ\Моя игра\OpenGL_tutorial\tut_Basic_Objects\main.cpp(187,30): warning C4305: аргумент: усечение из "double" в "GLfloat"
C:\Users\user\Desktop\ДЛЯ ИГРЫ\Моя игра\OpenGL_tutorial\tut_Basic_Objects\main.cpp(187,61): warning C4305: аргумент: усечение из "double" в "GLfloat"
C:\Users\user\Desktop\ДЛЯ ИГРЫ\Моя игра\OpenGL_tutorial\tut_Basic_Objects\main.cpp(188,30): warning C4305: аргумент: усечение из "double" в "GLfloat"
C:\Users\user\Desktop\ДЛЯ ИГРЫ\Моя игра\OpenGL_tutorial\tut_Basic_Objects\main.cpp(188,61): warning C4305: аргумент: усечение из "double" в "GLfloat"
C:\Users\user\Desktop\ДЛЯ ИГРЫ\Моя игра\OpenGL_tutorial\tut_Basic_Objects\main.cpp(190,30): warning C4305: аргумент: усечение из "double" в "GLfloat"
C:\Users\user\Desktop\ДЛЯ ИГРЫ\Моя игра\OpenGL_tutorial\tut_Basic_Objects\main.cpp(190,61): warning C4305: аргумент: усечение из "double" в "GLfloat"
C:\Users\user\Desktop\ДЛЯ ИГРЫ\Моя игра\OpenGL_tutorial\tut_Basic_Objects\main.cpp(191,29): warning C4305: аргумент: усечение из "double" в "GLfloat"
C:\Users\user\Desktop\ДЛЯ ИГРЫ\Моя игра\OpenGL_tutorial\tut_Basic_Objects\main.cpp(191,60): warning C4305: аргумент: усечение из "double" в "GLfloat"
C:\Users\user\Desktop\ДЛЯ ИГРЫ\Моя игра\OpenGL_tutorial\tut_Basic_Objects\main.cpp(193,30): warning C4305: аргумент: усечение из "double" в "GLfloat"
C:\Users\user\Desktop\ДЛЯ ИГРЫ\Моя игра\OpenGL_tutorial\tut_Basic_Objects\main.cpp(193,61): warning C4305: аргумент: усечение из "double" в "GLfloat"
C:\Users\user\Desktop\ДЛЯ ИГРЫ\Моя игра\OpenGL_tutorial\tut_Basic_Objects\main.cpp(194,30): warning C4305: аргумент: усечение из "double" в "GLfloat"
C:\Users\user\Desktop\ДЛЯ ИГРЫ\Моя игра\OpenGL_tutorial\tut_Basic_Objects\main.cpp(194,61): warning C4305: аргумент: усечение из "double" в "GLfloat"
C:\Users\user\Desktop\ДЛЯ ИГРЫ\Моя игра\OpenGL_tutorial\tut_Basic_Objects\main.cpp(196,30): warning C4305: аргумент: усечение из "double" в "GLfloat"
C:\Users\user\Desktop\ДЛЯ ИГРЫ\Моя игра\OpenGL_tutorial\tut_Basic_Objects\main.cpp(196,61): warning C4305: аргумент: усечение из "double" в "GLfloat"
C:\Users\user\Desktop\ДЛЯ ИГРЫ\Моя игра\OpenGL_tutorial\tut_Basic_Objects\main.cpp(197,30): warning C4305: аргумент: усечение из "double" в "GLfloat"
C:\Users\user\Desktop\ДЛЯ ИГРЫ\Моя игра\OpenGL_tutorial\tut_Basic_Objects\main.cpp(197,61): warning C4305: аргумент: усечение из "double" в "GLfloat"
C:\Users\user\Desktop\ДЛЯ ИГРЫ\Моя игра\OpenGL_tutorial\tut_Basic_Objects\main.cpp(199,30): warning C4305: аргумент: усечение из "double" в "GLfloat"
C:\Users\user\Desktop\ДЛЯ ИГРЫ\Моя игра\OpenGL_tutorial\tut_Basic_Objects\main.cpp(199,61): warning C4305: аргумент: усечение из "double" в "GLfloat"
C:\Users\user\Desktop\ДЛЯ ИГРЫ\Моя игра\OpenGL_tutorial\tut_Basic_Objects\main.cpp(200,30): warning C4305: аргумент: усечение из "double" в "GLfloat"
C:\Users\user\Desktop\ДЛЯ ИГРЫ\Моя игра\OpenGL_tutorial\tut_Basic_Objects\main.cpp(200,61): warning C4305: аргумент: усечение из "double" в "GLfloat"
C:\Users\user\Desktop\ДЛЯ ИГРЫ\Моя игра\OpenGL_tutorial\tut_Basic_Objects\main.cpp(208,28): warning C4305: аргумент: усечение из "double" в "GLfloat"
C:\Users\user\Desktop\ДЛЯ ИГРЫ\Моя игра\OpenGL_tutorial\tut_Basic_Objects\main.cpp(208,58): warning C4305: аргумент: усечение из "double" в "GLfloat"
C:\Users\user\Desktop\ДЛЯ ИГРЫ\Моя игра\OpenGL_tutorial\tut_Basic_Objects\main.cpp(209,29): warning C4305: аргумент: усечение из "double" в "GLfloat"
C:\Users\user\Desktop\ДЛЯ ИГРЫ\Моя игра\OpenGL_tutorial\tut_Basic_Objects\main.cpp(209,58): warning C4305: аргумент: усечение из "double" в "GLfloat"
C:\Users\user\Desktop\ДЛЯ ИГРЫ\Моя игра\OpenGL_tutorial\tut_Basic_Objects\main.cpp(211,29): warning C4305: аргумент: усечение из "double" в "GLfloat"
C:\Users\user\Desktop\ДЛЯ ИГРЫ\Моя игра\OpenGL_tutorial\tut_Basic_Objects\main.cpp(211,59): warning C4305: аргумент: усечение из "double" в "GLfloat"
C:\Users\user\Desktop\ДЛЯ ИГРЫ\Моя игра\OpenGL_tutorial\tut_Basic_Objects\main.cpp(212,29): warning C4305: аргумент: усечение из "double" в "GLfloat"
C:\Users\user\Desktop\ДЛЯ ИГРЫ\Моя игра\OpenGL_tutorial\tut_Basic_Objects\main.cpp(212,59): warning C4305: аргумент: усечение из "double" в "GLfloat"
C:\Users\user\Desktop\ДЛЯ ИГРЫ\Моя игра\OpenGL_tutorial\tut_Basic_Objects\main.cpp(214,28): warning C4305: аргумент: усечение из "double" в "GLfloat"
C:\Users\user\Desktop\ДЛЯ ИГРЫ\Моя игра\OpenGL_tutorial\tut_Basic_Objects\main.cpp(214,58): warning C4305: аргумент: усечение из "double" в "GLfloat"
C:\Users\user\Desktop\ДЛЯ ИГРЫ\Моя игра\OpenGL_tutorial\tut_Basic_Objects\main.cpp(215,29): warning C4305: аргумент: усечение из "double" в "GLfloat"
C:\Users\user\Desktop\ДЛЯ ИГРЫ\Моя игра\OpenGL_tutorial\tut_Basic_Objects\main.cpp(215,59): warning C4305: аргумент: усечение из "double" в "GLfloat"
C:\Users\user\Desktop\ДЛЯ ИГРЫ\Моя игра\OpenGL_tutorial\tut_Basic_Objects\main.cpp(217,29): warning C4305: аргумент: усечение из "double" в "GLfloat"
C:\Users\user\Desktop\ДЛЯ ИГРЫ\Моя игра\OpenGL_tutorial\tut_Basic_Objects\main.cpp(217,59): warning C4305: аргумент: усечение из "double" в "GLfloat"
C:\Users\user\Desktop\ДЛЯ ИГРЫ\Моя игра\OpenGL_tutorial\tut_Basic_Objects\main.cpp(218,29): warning C4305: аргумент: усечение из "double" в "GLfloat"
C:\Users\user\Desktop\ДЛЯ ИГРЫ\Моя игра\OpenGL_tutorial\tut_Basic_Objects\main.cpp(218,58): warning C4305: аргумент: усечение из "double" в "GLfloat"
C:\Users\user\Desktop\ДЛЯ ИГРЫ\Моя игра\OpenGL_tutorial\tut_Basic_Objects\main.cpp(220,29): warning C4305: аргумент: усечение из "double" в "GLfloat"
C:\Users\user\Desktop\ДЛЯ ИГРЫ\Моя игра\OpenGL_tutorial\tut_Basic_Objects\main.cpp(220,59): warning C4305: аргумент: усечение из "double" в "GLfloat"
C:\Users\user\Desktop\ДЛЯ ИГРЫ\Моя игра\OpenGL_tutorial\tut_Basic_Objects\main.cpp(221,29): warning C4305: аргумент: усечение из "double" в "GLfloat"
C:\Users\user\Desktop\ДЛЯ ИГРЫ\Моя игра\OpenGL_tutorial\tut_Basic_Objects\main.cpp(221,59): warning C4305: аргумент: усечение из "double" в "GLfloat"
C:\Users\user\Desktop\ДЛЯ ИГРЫ\Моя игра\OpenGL_tutorial\tut_Basic_Objects\main.cpp(223,29): warning C4305: аргумент: усечение из "double" в "GLfloat"
C:\Users\user\Desktop\ДЛЯ ИГРЫ\Моя игра\OpenGL_tutorial\tut_Basic_Objects\main.cpp(223,59): warning C4305: аргумент: усечение из "double" в "GLfloat"
C:\Users\user\Desktop\ДЛЯ ИГРЫ\Моя игра\OpenGL_tutorial\tut_Basic_Objects\main.cpp(224,29): warning C4305: аргумент: усечение из "double" в "GLfloat"
C:\Users\user\Desktop\ДЛЯ ИГРЫ\Моя игра\OpenGL_tutorial\tut_Basic_Objects\main.cpp(224,59): warning C4305: аргумент: усечение из "double" в "GLfloat"
C:\Users\user\Desktop\ДЛЯ ИГРЫ\Моя игра\OpenGL_tutorial\tut_Basic_Objects\main.cpp(226,29): warning C4305: аргумент: усечение из "double" в "GLfloat"
C:\Users\user\Desktop\ДЛЯ ИГРЫ\Моя игра\OpenGL_tutorial\tut_Basic_Objects\main.cpp(226,59): warning C4305: аргумент: усечение из "double" в "GLfloat"
C:\Users\user\Desktop\ДЛЯ ИГРЫ\Моя игра\OpenGL_tutorial\tut_Basic_Objects\main.cpp(227,29): warning C4305: аргумент: усечение из "double" в "GLfloat"
C:\Users\user\Desktop\ДЛЯ ИГРЫ\Моя игра\OpenGL_tutorial\tut_Basic_Objects\main.cpp(227,59): warning C4305: аргумент: усечение из "double" в "GLfloat"
C:\Users\user\Desktop\ДЛЯ ИГРЫ\Моя игра\OpenGL_tutorial\tut_Basic_Objects\main.cpp(229,29): warning C4305: аргумент: усечение из "double" в "GLfloat"
C:\Users\user\Desktop\ДЛЯ ИГРЫ\Моя игра\OpenGL_tutorial\tut_Basic_Objects\main.cpp(229,59): warning C4305: аргумент: усечение из "double" в "GLfloat"
C:\Users\user\Desktop\ДЛЯ ИГРЫ\Моя игра\OpenGL_tutorial\tut_Basic_Objects\main.cpp(230,29): warning C4305: аргумент: усечение из "double" в "GLfloat"
C:\Users\user\Desktop\ДЛЯ ИГРЫ\Моя игра\OpenGL_tutorial\tut_Basic_Objects\main.cpp(230,59): warning C4305: аргумент: усечение из "double" в "GLfloat"
C:\Users\user\Desktop\ДЛЯ ИГРЫ\Моя игра\OpenGL_tutorial\tut_Basic_Objects\main.cpp(232,29): warning C4305: аргумент: усечение из "double" в "GLfloat"
C:\Users\user\Desktop\ДЛЯ ИГРЫ\Моя игра\OpenGL_tutorial\tut_Basic_Objects\main.cpp(232,59): warning C4305: аргумент: усечение из "double" в "GLfloat"
C:\Users\user\Desktop\ДЛЯ ИГРЫ\Моя игра\OpenGL_tutorial\tut_Basic_Objects\main.cpp(233,28): warning C4305: аргумент: усечение из "double" в "GLfloat"
C:\Users\user\Desktop\ДЛЯ ИГРЫ\Моя игра\OpenGL_tutorial\tut_Basic_Objects\main.cpp(233,52): warning C4305: аргумент: усечение из "double" в "GLfloat"
C:\Users\user\Desktop\ДЛЯ ИГРЫ\Моя игра\OpenGL_tutorial\tut_Basic_Objects\main.cpp(235,29): warning C4305: аргумент: усечение из "double" в "GLfloat"
C:\Users\user\Desktop\ДЛЯ ИГРЫ\Моя игра\OpenGL_tutorial\tut_Basic_Objects\main.cpp(235,59): warning C4305: аргумент: усечение из "double" в "GLfloat"
C:\Users\user\Desktop\ДЛЯ ИГРЫ\Моя игра\OpenGL_tutorial\tut_Basic_Objects\main.cpp(236,29): warning C4305: аргумент: усечение из "double" в "GLfloat"
C:\Users\user\Desktop\ДЛЯ ИГРЫ\Моя игра\OpenGL_tutorial\tut_Basic_Objects\main.cpp(236,59): warning C4305: аргумент: усечение из "double" в "GLfloat"
C:\Users\user\Desktop\ДЛЯ ИГРЫ\Моя игра\OpenGL_tutorial\tut_Basic_Objects\main.cpp(238,29): warning C4305: аргумент: усечение из "double" в "GLfloat"
C:\Users\user\Desktop\ДЛЯ ИГРЫ\Моя игра\OpenGL_tutorial\tut_Basic_Objects\main.cpp(238,59): warning C4305: аргумент: усечение из "double" в "GLfloat"
C:\Users\user\Desktop\ДЛЯ ИГРЫ\Моя игра\OpenGL_tutorial\tut_Basic_Objects\main.cpp(239,29): warning C4305: аргумент: усечение из "double" в "GLfloat"
C:\Users\user\Desktop\ДЛЯ ИГРЫ\Моя игра\OpenGL_tutorial\tut_Basic_Objects\main.cpp(239,59): warning C4305: аргумент: усечение из "double" в "GLfloat"
C:\Users\user\Desktop\ДЛЯ ИГРЫ\Моя игра\OpenGL_tutorial\tut_Basic_Objects\main.cpp(241,29): warning C4305: аргумент: усечение из "double" в "GLfloat"
C:\Users\user\Desktop\ДЛЯ ИГРЫ\Моя игра\OpenGL_tutorial\tut_Basic_Objects\main.cpp(241,58): warning C4305: аргумент: усечение из "double" в "GLfloat"
C:\Users\user\Desktop\ДЛЯ ИГРЫ\Моя игра\OpenGL_tutorial\tut_Basic_Objects\main.cpp(242,28): warning C4305: аргумент: усечение из "double" в "GLfloat"
C:\Users\user\Desktop\ДЛЯ ИГРЫ\Моя игра\OpenGL_tutorial\tut_Basic_Objects\main.cpp(242,58): warning C4305: аргумент: усечение из "double" в "GLfloat"
C:\Users\user\Desktop\ДЛЯ ИГРЫ\Моя игра\OpenGL_tutorial\tut_Basic_Objects\main.cpp(244,28): warning C4305: аргумент: усечение из "double" в "GLfloat"
C:\Users\user\Desktop\ДЛЯ ИГРЫ\Моя игра\OpenGL_tutorial\tut_Basic_Objects\main.cpp(244,58): warning C4305: аргумент: усечение из "double" в "GLfloat"
C:\Users\user\Desktop\ДЛЯ ИГРЫ\Моя игра\OpenGL_tutorial\tut_Basic_Objects\main.cpp(245,29): warning C4305: аргумент: усечение из "double" в "GLfloat"
C:\Users\user\Desktop\ДЛЯ ИГРЫ\Моя игра\OpenGL_tutorial\tut_Basic_Objects\main.cpp(245,58): warning C4305: аргумент: усечение из "double" в "GLfloat"
C:\Users\user\Desktop\ДЛЯ ИГРЫ\Моя игра\OpenGL_tutorial\tut_Basic_Objects\main.cpp(247,29): warning C4305: аргумент: усечение из "double" в "GLfloat"
C:\Users\user\Desktop\ДЛЯ ИГРЫ\Моя игра\OpenGL_tutorial\tut_Basic_Objects\main.cpp(247,59): warning C4305: аргумент: усечение из "double" в "GLfloat"
C:\Users\user\Desktop\ДЛЯ ИГРЫ\Моя игра\OpenGL_tutorial\tut_Basic_Objects\main.cpp(248,29): warning C4305: аргумент: усечение из "double" в "GLfloat"
C:\Users\user\Desktop\ДЛЯ ИГРЫ\Моя игра\OpenGL_tutorial\tut_Basic_Objects\main.cpp(248,59): warning C4305: аргумент: усечение из "double" в "GLfloat"
C:\Users\user\Desktop\ДЛЯ ИГРЫ\Моя игра\OpenGL_tutorial\tut_Basic_Objects\main.cpp(250,29): warning C4305: аргумент: усечение из "double" в "GLfloat"
C:\Users\user\Desktop\ДЛЯ ИГРЫ\Моя игра\OpenGL_tutorial\tut_Basic_Objects\main.cpp(250,59): warning C4305: аргумент: усечение из "double" в "GLfloat"
C:\Users\user\Desktop\ДЛЯ ИГРЫ\Моя игра\OpenGL_tutorial\tut_Basic_Objects\main.cpp(251,29): warning C4305: аргумент: усечение из "double" в "GLfloat"
C:\Users\user\Desktop\ДЛЯ ИГРЫ\Моя игра\OpenGL_tutorial\tut_Basic_Objects\main.cpp(251,59): warning C4305: аргумент: усечение из "double" в "GLfloat"
C:\Users\user\Desktop\ДЛЯ ИГРЫ\Моя игра\OpenGL_tutorial\tut_Basic_Objects\main.cpp(253,29): warning C4305: аргумент: усечение из "double" в "GLfloat"
C:\Users\user\Desktop\ДЛЯ ИГРЫ\Моя игра\OpenGL_tutorial\tut_Basic_Objects\main.cpp(253,59): warning C4305: аргумент: усечение из "double" в "GLfloat"
C:\Users\user\Desktop\ДЛЯ ИГРЫ\Моя игра\OpenGL_tutorial\tut_Basic_Objects\main.cpp(254,29): warning C4305: аргумент: усечение из "double" в "GLfloat"
C:\Users\user\Desktop\ДЛЯ ИГРЫ\Моя игра\OpenGL_tutorial\tut_Basic_Objects\main.cpp(254,59): warning C4305: аргумент: усечение из "double" в "GLfloat"
C:\Users\user\Desktop\ДЛЯ ИГРЫ\Моя игра\OpenGL_tutorial\tut_Basic_Objects\main.cpp(256,29): warning C4305: аргумент: усечение из "double" в "GLfloat"
C:\Users\user\Desktop\ДЛЯ ИГРЫ\Моя игра\OpenGL_tutorial\tut_Basic_Objects\main.cpp(256,59): warning C4305: аргумент: усечение из "double" в "GLfloat"
C:\Users\user\Desktop\ДЛЯ ИГРЫ\Моя игра\OpenGL_tutorial\tut_Basic_Objects\main.cpp(257,29): warning C4305: аргумент: усечение из "double" в "GLfloat"
C:\Users\user\Desktop\ДЛЯ ИГРЫ\Моя игра\OpenGL_tutorial\tut_Basic_Objects\main.cpp(257,58): warning C4305: аргумент: усечение из "double" в "GLfloat"
C:\Users\user\Desktop\ДЛЯ ИГРЫ\Моя игра\OpenGL_tutorial\tut_Basic_Objects\main.cpp(259,29): warning C4305: аргумент: усечение из "double" в "GLfloat"
C:\Users\user\Desktop\ДЛЯ ИГРЫ\Моя игра\OpenGL_tutorial\tut_Basic_Objects\main.cpp(259,59): warning C4305: аргумент: усечение из "double" в "GLfloat"
C:\Users\user\Desktop\ДЛЯ ИГРЫ\Моя игра\OpenGL_tutorial\tut_Basic_Objects\main.cpp(260,29): warning C4305: аргумент: усечение из "double" в "GLfloat"
C:\Users\user\Desktop\ДЛЯ ИГРЫ\Моя игра\OpenGL_tutorial\tut_Basic_Objects\main.cpp(260,59): warning C4305: аргумент: усечение из "double" в "GLfloat"
C:\Users\user\Desktop\ДЛЯ ИГРЫ\Моя игра\OpenGL_tutorial\tut_Basic_Objects\main.cpp(262,29): warning C4305: аргумент: усечение из "double" в "GLfloat"
C:\Users\user\Desktop\ДЛЯ ИГРЫ\Моя игра\OpenGL_tutorial\tut_Basic_Objects\main.cpp(262,59): warning C4305: аргумент: усечение из "double" в "GLfloat"
C:\Users\user\Desktop\ДЛЯ ИГРЫ\Моя игра\OpenGL_tutorial\tut_Basic_Objects\main.cpp(263,29): warning C4305: аргумент: усечение из "double" в "GLfloat"
C:\Users\user\Desktop\ДЛЯ ИГРЫ\Моя игра\OpenGL_tutorial\tut_Basic_Objects\main.cpp(263,59): warning C4305: аргумент: усечение из "double" в "GLfloat"
C:\Users\user\Desktop\ДЛЯ ИГРЫ\Моя игра\OpenGL_tutorial\tut_Basic_Objects\main.cpp(265,29): warning C4305: аргумент: усечение из "double" в "GLfloat"
C:\Users\user\Desktop\ДЛЯ ИГРЫ\Моя игра\OpenGL_tutorial\tut_Basic_Objects\main.cpp(265,59): warning C4305: аргумент: усечение из "double" в "GLfloat"
C:\Users\user\Desktop\ДЛЯ ИГРЫ\Моя игра\OpenGL_tutorial\tut_Basic_Objects\main.cpp(266,29): warning C4305: аргумент: усечение из "double" в "GLfloat"
C:\Users\user\Desktop\ДЛЯ ИГРЫ\Моя игра\OpenGL_tutorial\tut_Basic_Objects\main.cpp(266,59): warning C4305: аргумент: усечение из "double" в "GLfloat"
C:\Users\user\Desktop\ДЛЯ ИГРЫ\Моя игра\OpenGL_tutorial\tut_Basic_Objects\main.cpp(268,29): warning C4305: аргумент: усечение из "double" в "GLfloat"
C:\Users\user\Desktop\ДЛЯ ИГРЫ\Моя игра\OpenGL_tutorial\tut_Basic_Objects\main.cpp(268,59): warning C4305: аргумент: усечение из "double" в "GLfloat"
C:\Users\user\Desktop\ДЛЯ ИГРЫ\Моя игра\OpenGL_tutorial\tut_Basic_Objects\main.cpp(269,29): warning C4305: аргумент: усечение из "double" в "GLfloat"
C:\Users\user\Desktop\ДЛЯ ИГРЫ\Моя игра\OpenGL_tutorial\tut_Basic_Objects\main.cpp(269,59): warning C4305: аргумент: усечение из "double" в "GLfloat"
C:\Users\user\Desktop\ДЛЯ ИГРЫ\Моя игра\OpenGL_tutorial\tut_Basic_Objects\main.cpp(271,29): warning C4305: аргумент: усечение из "double" в "GLfloat"
C:\Users\user\Desktop\ДЛЯ ИГРЫ\Моя игра\OpenGL_tutorial\tut_Basic_Objects\main.cpp(271,59): warning C4305: аргумент: усечение из "double" в "GLfloat"
C:\Users\user\Desktop\ДЛЯ ИГРЫ\Моя игра\OpenGL_tutorial\tut_Basic_Objects\main.cpp(272,28): warning C4305: аргумент: усечение из "double" в "GLfloat"
C:\Users\user\Desktop\ДЛЯ ИГРЫ\Моя игра\OpenGL_tutorial\tut_Basic_Objects\main.cpp(272,58): warning C4305: аргумент: усечение из "double" в "GLfloat"
C:\Users\user\Desktop\ДЛЯ ИГРЫ\Моя игра\OpenGL_tutorial\tut_Basic_Objects\main.cpp(274,29): warning C4305: аргумент: усечение из "double" в "GLfloat"
C:\Users\user\Desktop\ДЛЯ ИГРЫ\Моя игра\OpenGL_tutorial\tut_Basic_Objects\main.cpp(274,59): warning C4305: аргумент: усечение из "double" в "GLfloat"
C:\Users\user\Desktop\ДЛЯ ИГРЫ\Моя игра\OpenGL_tutorial\tut_Basic_Objects\main.cpp(275,29): warning C4305: аргумент: усечение из "double" в "GLfloat"
C:\Users\user\Desktop\ДЛЯ ИГРЫ\Моя игра\OpenGL_tutorial\tut_Basic_Objects\main.cpp(275,58): warning C4305: аргумент: усечение из "double" в "GLfloat"
C:\Users\user\Desktop\ДЛЯ ИГРЫ\Моя игра\OpenGL_tutorial\tut_Basic_Objects\main.cpp(277,29): warning C4305: аргумент: усечение из "double" в "GLfloat"
C:\Users\user\Desktop\ДЛЯ ИГРЫ\Моя игра\OpenGL_tutorial\tut_Basic_Objects\main.cpp(277,58): warning C4305: аргумент: усечение из "double" в "GLfloat"
C:\Users\user\Desktop\ДЛЯ ИГРЫ\Моя игра\OpenGL_tutorial\tut_Basic_Objects\main.cpp(278,28): warning C4305: аргумент: усечение из "double" в "GLfloat"
C:\Users\user\Desktop\ДЛЯ ИГРЫ\Моя игра\OpenGL_tutorial\tut_Basic_Objects\main.cpp(278,57): warning C4305: аргумент: усечение из "double" в "GLfloat"
C:\Users\user\Desktop\ДЛЯ ИГРЫ\Моя игра\OpenGL_tutorial\tut_Basic_Objects\main.cpp(280,29): warning C4305: аргумент: усечение из "double" в "GLfloat"
C:\Users\user\Desktop\ДЛЯ ИГРЫ\Моя игра\OpenGL_tutorial\tut_Basic_Objects\main.cpp(280,59): warning C4305: аргумент: усечение из "double" в "GLfloat"
C:\Users\user\Desktop\ДЛЯ ИГРЫ\Моя игра\OpenGL_tutorial\tut_Basic_Objects\main.cpp(281,29): warning C4305: аргумент: усечение из "double" в "GLfloat"
C:\Users\user\Desktop\ДЛЯ ИГРЫ\Моя игра\OpenGL_tutorial\tut_Basic_Objects\main.cpp(281,59): warning C4305: аргумент: усечение из "double" в "GLfloat"
C:\Users\user\Desktop\ДЛЯ ИГРЫ\Моя игра\OpenGL_tutorial\tut_Basic_Objects\main.cpp(283,29): warning C4305: аргумент: усечение из "double" в "GLfloat"
C:\Users\user\Desktop\ДЛЯ ИГРЫ\Моя игра\OpenGL_tutorial\tut_Basic_Objects\main.cpp(283,59): warning C4305: аргумент: усечение из "double" в "GLfloat"
C:\Users\user\Desktop\ДЛЯ ИГРЫ\Моя игра\OpenGL_tutorial\tut_Basic_Objects\main.cpp(284,29): warning C4305: аргумент: усечение из "double" в "GLfloat"
C:\Users\user\Desktop\ДЛЯ ИГРЫ\Моя игра\OpenGL_tutorial\tut_Basic_Objects\main.cpp(284,59): warning C4305: аргумент: усечение из "double" в "GLfloat"
C:\Users\user\Desktop\ДЛЯ ИГРЫ\Моя игра\OpenGL_tutorial\tut_Basic_Objects\main.cpp(286,29): warning C4305: аргумент: усечение из "double" в "GLfloat"
C:\Users\user\Desktop\ДЛЯ ИГРЫ\Моя игра\OpenGL_tutorial\tut_Basic_Objects\main.cpp(286,59): warning C4305: аргумент: усечение из "double" в "GLfloat"
C:\Users\user\Desktop\ДЛЯ ИГРЫ\Моя игра\OpenGL_tutorial\tut_Basic_Objects\main.cpp(287,21): warning C4305: аргумент: усечение из "double" в "GLfloat"
C:\Users\user\Desktop\ДЛЯ ИГРЫ\Моя игра\OpenGL_tutorial\tut_Basic_Objects\main.cpp(287,44): warning C4305: аргумент: усечение из "double" в "GLfloat"
C:\Users\user\Desktop\ДЛЯ ИГРЫ\Моя игра\OpenGL_tutorial\tut_Basic_Objects\main.cpp(294,30): warning C4305: аргумент: усечение из "double" в "GLfloat"
C:\Users\user\Desktop\ДЛЯ ИГРЫ\Моя игра\OpenGL_tutorial\tut_Basic_Objects\main.cpp(294,61): warning C4305: аргумент: усечение из "double" в "GLfloat"
C:\Users\user\Desktop\ДЛЯ ИГРЫ\Моя игра\OpenGL_tutorial\tut_Basic_Objects\main.cpp(295,30): warning C4305: аргумент: усечение из "double" в "GLfloat"
C:\Users\user\Desktop\ДЛЯ ИГРЫ\Моя игра\OpenGL_tutorial\tut_Basic_Objects\main.cpp(295,61): warning C4305: аргумент: усечение из "double" в "GLfloat"
C:\Users\user\Desktop\ДЛЯ ИГРЫ\Моя игра\OpenGL_tutorial\tut_Basic_Objects\main.cpp(297,30): warning C4305: аргумент: усечение из "double" в "GLfloat"
C:\Users\user\Desktop\ДЛЯ ИГРЫ\Моя игра\OpenGL_tutorial\tut_Basic_Objects\main.cpp(297,61): warning C4305: аргумент: усечение из "double" в "GLfloat"
C:\Users\user\Desktop\ДЛЯ ИГРЫ\Моя игра\OpenGL_tutorial\tut_Basic_Objects\main.cpp(298,30): warning C4305: аргумент: усечение из "double" в "GLfloat"
C:\Users\user\Desktop\ДЛЯ ИГРЫ\Моя игра\OpenGL_tutorial\tut_Basic_Objects\main.cpp(298,61): warning C4305: аргумент: усечение из "double" в "GLfloat"
C:\Users\user\Desktop\ДЛЯ ИГРЫ\Моя игра\OpenGL_tutorial\tut_Basic_Objects\main.cpp(300,30): warning C4305: аргумент: усечение из "double" в "GLfloat"
C:\Users\user\Desktop\ДЛЯ ИГРЫ\Моя игра\OpenGL_tutorial\tut_Basic_Objects\main.cpp(300,61): warning C4305: аргумент: усечение из "double" в "GLfloat"
C:\Users\user\Desktop\ДЛЯ ИГРЫ\Моя игра\OpenGL_tutorial\tut_Basic_Objects\main.cpp(301,29): warning C4305: аргумент: усечение из "double" в "GLfloat"
C:\Users\user\Desktop\ДЛЯ ИГРЫ\Моя игра\OpenGL_tutorial\tut_Basic_Objects\main.cpp(301,60): warning C4305: аргумент: усечение из "double" в "GLfloat"
C:\Users\user\Desktop\ДЛЯ ИГРЫ\Моя игра\OpenGL_tutorial\tut_Basic_Objects\main.cpp(303,29): warning C4305: аргумент: усечение из "double" в "GLfloat"
C:\Users\user\Desktop\ДЛЯ ИГРЫ\Моя игра\OpenGL_tutorial\tut_Basic_Objects\main.cpp(303,60): warning C4305: аргумент: усечение из "double" в "GLfloat"
C:\Users\user\Desktop\ДЛЯ ИГРЫ\Моя игра\OpenGL_tutorial\tut_Basic_Objects\main.cpp(304,30): warning C4305: аргумент: усечение из "double" в "GLfloat"
C:\Users\user\Desktop\ДЛЯ ИГРЫ\Моя игра\OpenGL_tutorial\tut_Basic_Objects\main.cpp(304,61): warning C4305: аргумент: усечение из "double" в "GLfloat"
C:\Users\user\Desktop\ДЛЯ ИГРЫ\Моя игра\OpenGL_tutorial\tut_Basic_Objects\main.cpp(306,30): warning C4305: аргумент: усечение из "double" в "GLfloat"
C:\Users\user\Desktop\ДЛЯ ИГРЫ\Моя игра\OpenGL_tutorial\tut_Basic_Objects\main.cpp(306,61): warning C4305: аргумент: усечение из "double" в "GLfloat"
C:\Users\user\Desktop\ДЛЯ ИГРЫ\Моя игра\OpenGL_tutorial\tut_Basic_Objects\main.cpp(307,30): warning C4305: аргумент: усечение из "double" в "GLfloat"
C:\Users\user\Desktop\ДЛЯ ИГРЫ\Моя игра\OpenGL_tutorial\tut_Basic_Objects\main.cpp(307,61): warning C4305: аргумент: усечение из "double" в "GLfloat"
C:\Users\user\Desktop\ДЛЯ ИГРЫ\Моя игра\OpenGL_tutorial\tut_Basic_Objects\main.cpp(309,30): warning C4305: аргумент: усечение из "double" в "GLfloat"
C:\Users\user\Desktop\ДЛЯ ИГРЫ\Моя игра\OpenGL_tutorial\tut_Basic_Objects\main.cpp(309,61): warning C4305: аргумент: усечение из "double" в "GLfloat"
C:\Users\user\Desktop\ДЛЯ ИГРЫ\Моя игра\OpenGL_tutorial\tut_Basic_Objects\main.cpp(310,29): warning C4305: аргумент: усечение из "double" в "GLfloat"
C:\Users\user\Desktop\ДЛЯ ИГРЫ\Моя игра\OpenGL_tutorial\tut_Basic_Objects\main.cpp(310,60): warning C4305: аргумент: усечение из "double" в "GLfloat"
C:\Users\user\Desktop\ДЛЯ ИГРЫ\Моя игра\OpenGL_tutorial\tut_Basic_Objects\main.cpp(312,30): warning C4305: аргумент: усечение из "double" в "GLfloat"
C:\Users\user\Desktop\ДЛЯ ИГРЫ\Моя игра\OpenGL_tutorial\tut_Basic_Objects\main.cpp(312,60): warning C4305: аргумент: усечение из "double" в "GLfloat"
C:\Users\user\Desktop\ДЛЯ ИГРЫ\Моя игра\OpenGL_tutorial\tut_Basic_Objects\main.cpp(313,30): warning C4305: аргумент: усечение из "double" в "GLfloat"
C:\Users\user\Desktop\ДЛЯ ИГРЫ\Моя игра\OpenGL_tutorial\tut_Basic_Objects\main.cpp(313,61): warning C4305: аргумент: усечение из "double" в "GLfloat"
C:\Users\user\Desktop\ДЛЯ ИГРЫ\Моя игра\OpenGL_tutorial\tut_Basic_Objects\main.cpp(315,30): warning C4305: аргумент: усечение из "double" в "GLfloat"
C:\Users\user\Desktop\ДЛЯ ИГРЫ\Моя игра\OpenGL_tutorial\tut_Basic_Objects\main.cpp(315,60): warning C4305: аргумент: усечение из "double" в "GLfloat"
C:\Users\user\Desktop\ДЛЯ ИГРЫ\Моя игра\OpenGL_tutorial\tut_Basic_Objects\main.cpp(316,29): warning C4305: аргумент: усечение из "double" в "GLfloat"
C:\Users\user\Desktop\ДЛЯ ИГРЫ\Моя игра\OpenGL_tutorial\tut_Basic_Objects\main.cpp(316,59): warning C4305: аргумент: усечение из "double" в "GLfloat"
C:\Users\user\Desktop\ДЛЯ ИГРЫ\Моя игра\OpenGL_tutorial\tut_Basic_Objects\main.cpp(318,30): warning C4305: аргумент: усечение из "double" в "GLfloat"
C:\Users\user\Desktop\ДЛЯ ИГРЫ\Моя игра\OpenGL_tutorial\tut_Basic_Objects\main.cpp(318,61): warning C4305: аргумент: усечение из "double" в "GLfloat"
C:\Users\user\Desktop\ДЛЯ ИГРЫ\Моя игра\OpenGL_tutorial\tut_Basic_Objects\main.cpp(319,29): warning C4305: аргумент: усечение из "double" в "GLfloat"
C:\Users\user\Desktop\ДЛЯ ИГРЫ\Моя игра\OpenGL_tutorial\tut_Basic_Objects\main.cpp(319,60): warning C4305: аргумент: усечение из "double" в "GLfloat"
C:\Users\user\Desktop\ДЛЯ ИГРЫ\Моя игра\OpenGL_tutorial\tut_Basic_Objects\main.cpp(321,30): warning C4305: аргумент: усечение из "double" в "GLfloat"
C:\Users\user\Desktop\ДЛЯ ИГРЫ\Моя игра\OpenGL_tutorial\tut_Basic_Objects\main.cpp(321,61): warning C4305: аргумент: усечение из "double" в "GLfloat"
C:\Users\user\Desktop\ДЛЯ ИГРЫ\Моя игра\OpenGL_tutorial\tut_Basic_Objects\main.cpp(322,30): warning C4305: аргумент: усечение из "double" в "GLfloat"
C:\Users\user\Desktop\ДЛЯ ИГРЫ\Моя игра\OpenGL_tutorial\tut_Basic_Objects\main.cpp(322,61): warning C4305: аргумент: усечение из "double" в "GLfloat"
C:\Users\user\Desktop\ДЛЯ ИГРЫ\Моя игра\OpenGL_tutorial\tut_Basic_Objects\main.cpp(324,30): warning C4305: аргумент: усечение из "double" в "GLfloat"
C:\Users\user\Desktop\ДЛЯ ИГРЫ\Моя игра\OpenGL_tutorial\tut_Basic_Objects\main.cpp(324,61): warning C4305: аргумент: усечение из "double" в "GLfloat"
C:\Users\user\Desktop\ДЛЯ ИГРЫ\Моя игра\OpenGL_tutorial\tut_Basic_Objects\main.cpp(325,29): warning C4305: аргумент: усечение из "double" в "GLfloat"
C:\Users\user\Desktop\ДЛЯ ИГРЫ\Моя игра\OpenGL_tutorial\tut_Basic_Objects\main.cpp(325,59): warning C4305: аргумент: усечение из "double" в "GLfloat"
C:\Users\user\Desktop\ДЛЯ ИГРЫ\Моя игра\OpenGL_tutorial\tut_Basic_Objects\main.cpp(327,30): warning C4305: аргумент: усечение из "double" в "GLfloat"
C:\Users\user\Desktop\ДЛЯ ИГРЫ\Моя игра\OpenGL_tutorial\tut_Basic_Objects\main.cpp(327,61): warning C4305: аргумент: усечение из "double" в "GLfloat"
C:\Users\user\Desktop\ДЛЯ ИГРЫ\Моя игра\OpenGL_tutorial\tut_Basic_Objects\main.cpp(328,30): warning C4305: аргумент: усечение из "double" в "GLfloat"
C:\Users\user\Desktop\ДЛЯ ИГРЫ\Моя игра\OpenGL_tutorial\tut_Basic_Objects\main.cpp(328,61): warning C4305: аргумент: усечение из "double" в "GLfloat"
C:\Users\user\Desktop\ДЛЯ ИГРЫ\Моя игра\OpenGL_tutorial\tut_Basic_Objects\main.cpp(330,30): warning C4305: аргумент: усечение из "double" в "GLfloat"
C:\Users\user\Desktop\ДЛЯ ИГРЫ\Моя игра\OpenGL_tutorial\tut_Basic_Objects\main.cpp(330,61): warning C4305: аргумент: усечение из "double" в "GLfloat"
C:\Users\user\Desktop\ДЛЯ ИГРЫ\Моя игра\OpenGL_tutorial\tut_Basic_Objects\main.cpp(331,30): warning C4305: аргумент: усечение из "double" в "GLfloat"
C:\Users\user\Desktop\ДЛЯ ИГРЫ\Моя игра\OpenGL_tutorial\tut_Basic_Objects\main.cpp(331,61): warning C4305: аргумент: усечение из "double" в "GLfloat"
C:\Users\user\Desktop\ДЛЯ ИГРЫ\Моя игра\OpenGL_tutorial\tut_Basic_Objects\main.cpp(333,30): warning C4305: аргумент: усечение из "double" в "GLfloat"
C:\Users\user\Desktop\ДЛЯ ИГРЫ\Моя игра\OpenGL_tutorial\tut_Basic_Objects\main.cpp(333,82): warning C4305: аргумент: усечение из "double" в "GLfloat"
C:\Users\user\Desktop\ДЛЯ ИГРЫ\Моя игра\OpenGL_tutorial\tut_Basic_Objects\main.cpp(334,30): warning C4305: аргумент: усечение из "double" в "GLfloat"
C:\Users\user\Desktop\ДЛЯ ИГРЫ\Моя игра\OpenGL_tutorial\tut_Basic_Objects\main.cpp(334,61): warning C4305: аргумент: усечение из "double" в "GLfloat"
C:\Users\user\Desktop\ДЛЯ ИГРЫ\Моя игра\OpenGL_tutorial\tut_Basic_Objects\main.cpp(336,24): warning C4305: аргумент: усечение из "double" в "GLfloat"
C:\Users\user\Desktop\ДЛЯ ИГРЫ\Моя игра\OpenGL_tutorial\tut_Basic_Objects\main.cpp(336,55): warning C4305: аргумент: усечение из "double" в "GLfloat"
C:\Users\user\Desktop\ДЛЯ ИГРЫ\Моя игра\OpenGL_tutorial\tut_Basic_Objects\main.cpp(337,30): warning C4305: аргумент: усечение из "double" в "GLfloat"
C:\Users\user\Desktop\ДЛЯ ИГРЫ\Моя игра\OpenGL_tutorial\tut_Basic_Objects\main.cpp(337,61): warning C4305: аргумент: усечение из "double" в "GLfloat"
C:\Users\user\Desktop\ДЛЯ ИГРЫ\Моя игра\OpenGL_tutorial\tut_Basic_Objects\main.cpp(339,30): warning C4305: аргумент: усечение из "double" в "GLfloat"
C:\Users\user\Desktop\ДЛЯ ИГРЫ\Моя игра\OpenGL_tutorial\tut_Basic_Objects\main.cpp(339,62): warning C4305: аргумент: усечение из "double" в "GLfloat"
C:\Users\user\Desktop\ДЛЯ ИГРЫ\Моя игра\OpenGL_tutorial\tut_Basic_Objects\main.cpp(340,30): warning C4305: аргумент: усечение из "double" в "GLfloat"
C:\Users\user\Desktop\ДЛЯ ИГРЫ\Моя игра\OpenGL_tutorial\tut_Basic_Objects\main.cpp(340,54): warning C4305: аргумент: усечение из "double" в "GLfloat"
C:\Users\user\Desktop\ДЛЯ ИГРЫ\Моя игра\OpenGL_tutorial\tut_Basic_Objects\main.cpp(342,30): warning C4305: аргумент: усечение из "double" в "GLfloat"
C:\Users\user\Desktop\ДЛЯ ИГРЫ\Моя игра\OpenGL_tutorial\tut_Basic_Objects\main.cpp(342,61): warning C4305: аргумент: усечение из "double" в "GLfloat"
C:\Users\user\Desktop\ДЛЯ ИГРЫ\Моя игра\OpenGL_tutorial\tut_Basic_Objects\main.cpp(343,29): warning C4305: аргумент: усечение из "double" в "GLfloat"
C:\Users\user\Desktop\ДЛЯ ИГРЫ\Моя игра\OpenGL_tutorial\tut_Basic_Objects\main.cpp(343,60): warning C4305: аргумент: усечение из "double" в "GLfloat"
C:\Users\user\Desktop\ДЛЯ ИГРЫ\Моя игра\OpenGL_tutorial\tut_Basic_Objects\main.cpp(345,30): warning C4305: аргумент: усечение из "double" в "GLfloat"
C:\Users\user\Desktop\ДЛЯ ИГРЫ\Моя игра\OpenGL_tutorial\tut_Basic_Objects\main.cpp(345,61): warning C4305: аргумент: усечение из "double" в "GLfloat"
C:\Users\user\Desktop\ДЛЯ ИГРЫ\Моя игра\OpenGL_tutorial\tut_Basic_Objects\main.cpp(346,30): warning C4305: аргумент: усечение из "double" в "GLfloat"
C:\Users\user\Desktop\ДЛЯ ИГРЫ\Моя игра\OpenGL_tutorial\tut_Basic_Objects\main.cpp(346,61): warning C4305: аргумент: усечение из "double" в "GLfloat"
C:\Users\user\Desktop\ДЛЯ ИГРЫ\Моя игра\OpenGL_tutorial\tut_Basic_Objects\main.cpp(348,30): warning C4305: аргумент: усечение из "double" в "GLfloat"
C:\Users\user\Desktop\ДЛЯ ИГРЫ\Моя игра\OpenGL_tutorial\tut_Basic_Objects\main.cpp(348,61): warning C4305: аргумент: усечение из "double" в "GLfloat"
C:\Users\user\Desktop\ДЛЯ ИГРЫ\Моя игра\OpenGL_tutorial\tut_Basic_Objects\main.cpp(349,30): warning C4305: аргумент: усечение из "double" в "GLfloat"
C:\Users\user\Desktop\ДЛЯ ИГРЫ\Моя игра\OpenGL_tutorial\tut_Basic_Objects\main.cpp(349,61): warning C4305: аргумент: усечение из "double" в "GLfloat"
C:\Users\user\Desktop\ДЛЯ ИГРЫ\Моя игра\OpenGL_tutorial\tut_Basic_Objects\main.cpp(351,30): warning C4305: аргумент: усечение из "double" в "GLfloat"
C:\Users\user\Desktop\ДЛЯ ИГРЫ\Моя игра\OpenGL_tutorial\tut_Basic_Objects\main.cpp(351,61): warning C4305: аргумент: усечение из "double" в "GLfloat"
C:\Users\user\Desktop\ДЛЯ ИГРЫ\Моя игра\OpenGL_tutorial\tut_Basic_Objects\main.cpp(352,30): warning C4305: аргумент: усечение из "double" в "GLfloat"
C:\Users\user\Desktop\ДЛЯ ИГРЫ\Моя игра\OpenGL_tutorial\tut_Basic_Objects\main.cpp(352,61): warning C4305: аргумент: усечение из "double" в "GLfloat"
C:\Users\user\Desktop\ДЛЯ ИГРЫ\Моя игра\OpenGL_tutorial\tut_Basic_Objects\main.cpp(354,30): warning C4305: аргумент: усечение из "double" в "GLfloat"
C:\Users\user\Desktop\ДЛЯ ИГРЫ\Моя игра\OpenGL_tutorial\tut_Basic_Objects\main.cpp(354,61): warning C4305: аргумент: усечение из "double" в "GLfloat"
C:\Users\user\Desktop\ДЛЯ ИГРЫ\Моя игра\OpenGL_tutorial\tut_Basic_Objects\main.cpp(355,29): warning C4305: аргумент: усечение из "double" в "GLfloat"
C:\Users\user\Desktop\ДЛЯ ИГРЫ\Моя игра\OpenGL_tutorial\tut_Basic_Objects\main.cpp(355,60): warning C4305: аргумент: усечение из "double" в "GLfloat"
C:\Users\user\Desktop\ДЛЯ ИГРЫ\Моя игра\OpenGL_tutorial\tut_Basic_Objects\main.cpp(357,30): warning C4305: аргумент: усечение из "double" в "GLfloat"
C:\Users\user\Desktop\ДЛЯ ИГРЫ\Моя игра\OpenGL_tutorial\tut_Basic_Objects\main.cpp(357,55): warning C4305: аргумент: усечение из "double" в "GLfloat"
C:\Users\user\Desktop\ДЛЯ ИГРЫ\Моя игра\OpenGL_tutorial\tut_Basic_Objects\main.cpp(358,30): warning C4305: аргумент: усечение из "double" в "GLfloat"
C:\Users\user\Desktop\ДЛЯ ИГРЫ\Моя игра\OpenGL_tutorial\tut_Basic_Objects\main.cpp(358,61): warning C4305: аргумент: усечение из "double" в "GLfloat"
C:\Users\user\Desktop\ДЛЯ ИГРЫ\Моя игра\OpenGL_tutorial\tut_Basic_Objects\main.cpp(360,24): warning C4305: аргумент: усечение из "double" в "GLfloat"
C:\Users\user\Desktop\ДЛЯ ИГРЫ\Моя игра\OpenGL_tutorial\tut_Basic_Objects\main.cpp(360,55): warning C4305: аргумент: усечение из "double" в "GLfloat"
C:\Users\user\Desktop\ДЛЯ ИГРЫ\Моя игра\OpenGL_tutorial\tut_Basic_Objects\main.cpp(361,30): warning C4305: аргумент: усечение из "double" в "GLfloat"
C:\Users\user\Desktop\ДЛЯ ИГРЫ\Моя игра\OpenGL_tutorial\tut_Basic_Objects\main.cpp(361,61): warning C4305: аргумент: усечение из "double" в "GLfloat"
C:\Users\user\Desktop\ДЛЯ ИГРЫ\Моя игра\OpenGL_tutorial\tut_Basic_Objects\main.cpp(363,30): warning C4305: аргумент: усечение из "double" в "GLfloat"
C:\Users\user\Desktop\ДЛЯ ИГРЫ\Моя игра\OpenGL_tutorial\tut_Basic_Objects\main.cpp(363,84): warning C4305: аргумент: усечение из "double" в "GLfloat"
C:\Users\user\Desktop\ДЛЯ ИГРЫ\Моя игра\OpenGL_tutorial\tut_Basic_Objects\main.cpp(364,51): warning C4305: аргумент: усечение из "double" в "GLfloat"
C:\Users\user\Desktop\ДЛЯ ИГРЫ\Моя игра\OpenGL_tutorial\tut_Basic_Objects\main.cpp(364,105): warning C4305: аргумент: усечение из "double" в "GLfloat"
C:\Users\user\Desktop\ДЛЯ ИГРЫ\Моя игра\OpenGL_tutorial\tut_Basic_Objects\main.cpp(366,30): warning C4305: аргумент: усечение из "double" в "GLfloat"
C:\Users\user\Desktop\ДЛЯ ИГРЫ\Моя игра\OpenGL_tutorial\tut_Basic_Objects\main.cpp(366,61): warning C4305: аргумент: усечение из "double" в "GLfloat"
C:\Users\user\Desktop\ДЛЯ ИГРЫ\Моя игра\OpenGL_tutorial\tut_Basic_Objects\main.cpp(367,30): warning C4305: аргумент: усечение из "double" в "GLfloat"
C:\Users\user\Desktop\ДЛЯ ИГРЫ\Моя игра\OpenGL_tutorial\tut_Basic_Objects\main.cpp(367,61): warning C4305: аргумент: усечение из "double" в "GLfloat"
C:\Users\user\Desktop\ДЛЯ ИГРЫ\Моя игра\OpenGL_tutorial\tut_Basic_Objects\main.cpp(375,30): warning C4305: аргумент: усечение из "double" в "GLfloat"
C:\Users\user\Desktop\ДЛЯ ИГРЫ\Моя игра\OpenGL_tutorial\tut_Basic_Objects\main.cpp(375,61): warning C4305: аргумент: усечение из "double" в "GLfloat"
C:\Users\user\Desktop\ДЛЯ ИГРЫ\Моя игра\OpenGL_tutorial\tut_Basic_Objects\main.cpp(376,31): warning C4305: аргумент: усечение из "double" в "GLfloat"
C:\Users\user\Desktop\ДЛЯ ИГРЫ\Моя игра\OpenGL_tutorial\tut_Basic_Objects\main.cpp(376,63): warning C4305: аргумент: усечение из "double" в "GLfloat"
C:\Users\user\Desktop\ДЛЯ ИГРЫ\Моя игра\OpenGL_tutorial\tut_Basic_Objects\main.cpp(378,30): warning C4305: аргумент: усечение из "double" в "GLfloat"
C:\Users\user\Desktop\ДЛЯ ИГРЫ\Моя игра\OpenGL_tutorial\tut_Basic_Objects\main.cpp(378,61): warning C4305: аргумент: усечение из "double" в "GLfloat"
C:\Users\user\Desktop\ДЛЯ ИГРЫ\Моя игра\OpenGL_tutorial\tut_Basic_Objects\main.cpp(379,31): warning C4305: аргумент: усечение из "double" в "GLfloat"
C:\Users\user\Desktop\ДЛЯ ИГРЫ\Моя игра\OpenGL_tutorial\tut_Basic_Objects\main.cpp(379,63): warning C4305: аргумент: усечение из "double" в "GLfloat"
C:\Users\user\Desktop\ДЛЯ ИГРЫ\Моя игра\OpenGL_tutorial\tut_Basic_Objects\main.cpp(381,30): warning C4305: аргумент: усечение из "double" в "GLfloat"
C:\Users\user\Desktop\ДЛЯ ИГРЫ\Моя игра\OpenGL_tutorial\tut_Basic_Objects\main.cpp(381,61): warning C4305: аргумент: усечение из "double" в "GLfloat"
C:\Users\user\Desktop\ДЛЯ ИГРЫ\Моя игра\OpenGL_tutorial\tut_Basic_Objects\main.cpp(382,31): warning C4305: аргумент: усечение из "double" в "GLfloat"
C:\Users\user\Desktop\ДЛЯ ИГРЫ\Моя игра\OpenGL_tutorial\tut_Basic_Objects\main.cpp(382,63): warning C4305: аргумент: усечение из "double" в "GLfloat"
C:\Users\user\Desktop\ДЛЯ ИГРЫ\Моя игра\OpenGL_tutorial\tut_Basic_Objects\main.cpp(384,30): warning C4305: аргумент: усечение из "double" в "GLfloat"
C:\Users\user\Desktop\ДЛЯ ИГРЫ\Моя игра\OpenGL_tutorial\tut_Basic_Objects\main.cpp(384,61): warning C4305: аргумент: усечение из "double" в "GLfloat"
C:\Users\user\Desktop\ДЛЯ ИГРЫ\Моя игра\OpenGL_tutorial\tut_Basic_Objects\main.cpp(385,31): warning C4305: аргумент: усечение из "double" в "GLfloat"
C:\Users\user\Desktop\ДЛЯ ИГРЫ\Моя игра\OpenGL_tutorial\tut_Basic_Objects\main.cpp(385,63): warning C4305: аргумент: усечение из "double" в "GLfloat"
C:\Users\user\Desktop\ДЛЯ ИГРЫ\Моя игра\OpenGL_tutorial\tut_Basic_Objects\main.cpp(388,30): warning C4305: аргумент: усечение из "double" в "GLfloat"
C:\Users\user\Desktop\ДЛЯ ИГРЫ\Моя игра\OpenGL_tutorial\tut_Basic_Objects\main.cpp(388,61): warning C4305: аргумент: усечение из "double" в "GLfloat"
C:\Users\user\Desktop\ДЛЯ ИГРЫ\Моя игра\OpenGL_tutorial\tut_Basic_Objects\main.cpp(389,31): warning C4305: аргумент: усечение из "double" в "GLfloat"
C:\Users\user\Desktop\ДЛЯ ИГРЫ\Моя игра\OpenGL_tutorial\tut_Basic_Objects\main.cpp(389,63): warning C4305: аргумент: усечение из "double" в "GLfloat"
C:\Users\user\Desktop\ДЛЯ ИГРЫ\Моя игра\OpenGL_tutorial\tut_Basic_Objects\main.cpp(391,30): warning C4305: аргумент: усечение из "double" в "GLfloat"
C:\Users\user\Desktop\ДЛЯ ИГРЫ\Моя игра\OpenGL_tutorial\tut_Basic_Objects\main.cpp(391,61): warning C4305: аргумент: усечение из "double" в "GLfloat"
C:\Users\user\Desktop\ДЛЯ ИГРЫ\Моя игра\OpenGL_tutorial\tut_Basic_Objects\main.cpp(392,31): warning C4305: аргумент: усечение из "double" в "GLfloat"
C:\Users\user\Desktop\ДЛЯ ИГРЫ\Моя игра\OpenGL_tutorial\tut_Basic_Objects\main.cpp(392,63): warning C4305: аргумент: усечение из "double" в "GLfloat"
C:\Users\user\Desktop\ДЛЯ ИГРЫ\Моя игра\OpenGL_tutorial\tut_Basic_Objects\main.cpp(396,30): warning C4305: аргумент: усечение из "double" в "GLfloat"
C:\Users\user\Desktop\ДЛЯ ИГРЫ\Моя игра\OpenGL_tutorial\tut_Basic_Objects\main.cpp(396,61): warning C4305: аргумент: усечение из "double" в "GLfloat"
C:\Users\user\Desktop\ДЛЯ ИГРЫ\Моя игра\OpenGL_tutorial\tut_Basic_Objects\main.cpp(397,31): warning C4305: аргумент: усечение из "double" в "GLfloat"
C:\Users\user\Desktop\ДЛЯ ИГРЫ\Моя игра\OpenGL_tutorial\tut_Basic_Objects\main.cpp(397,63): warning C4305: аргумент: усечение из "double" в "GLfloat"
C:\Users\user\Desktop\ДЛЯ ИГРЫ\Моя игра\OpenGL_tutorial\tut_Basic_Objects\main.cpp(399,30): warning C4305: аргумент: усечение из "double" в "GLfloat"
C:\Users\user\Desktop\ДЛЯ ИГРЫ\Моя игра\OpenGL_tutorial\tut_Basic_Objects\main.cpp(399,61): warning C4305: аргумент: усечение из "double" в "GLfloat"
C:\Users\user\Desktop\ДЛЯ ИГРЫ\Моя игра\OpenGL_tutorial\tut_Basic_Objects\main.cpp(400,31): warning C4305: аргумент: усечение из "double" в "GLfloat"
C:\Users\user\Desktop\ДЛЯ ИГРЫ\Моя игра\OpenGL_tutorial\tut_Basic_Objects\main.cpp(400,63): warning C4305: аргумент: усечение из "double" в "GLfloat"
C:\Users\user\Desktop\ДЛЯ ИГРЫ\Моя игра\OpenGL_tutorial\tut_Basic_Objects\main.cpp(402,30): warning C4305: аргумент: усечение из "double" в "GLfloat"
C:\Users\user\Desktop\ДЛЯ ИГРЫ\Моя игра\OpenGL_tutorial\tut_Basic_Objects\main.cpp(402,61): warning C4305: аргумент: усечение из "double" в "GLfloat"
C:\Users\user\Desktop\ДЛЯ ИГРЫ\Моя игра\OpenGL_tutorial\tut_Basic_Objects\main.cpp(403,31): warning C4305: аргумент: усечение из "double" в "GLfloat"
C:\Users\user\Desktop\ДЛЯ ИГРЫ\Моя игра\OpenGL_tutorial\tut_Basic_Objects\main.cpp(403,63): warning C4305: аргумент: усечение из "double" в "GLfloat"
C:\Users\user\Desktop\ДЛЯ ИГРЫ\Моя игра\OpenGL_tutorial\tut_Basic_Objects\main.cpp(405,30): warning C4305: аргумент: усечение из "double" в "GLfloat"
C:\Users\user\Desktop\ДЛЯ ИГРЫ\Моя игра\OpenGL_tutorial\tut_Basic_Objects\main.cpp(405,61): warning C4305: аргумент: усечение из "double" в "GLfloat"
C:\Users\user\Desktop\ДЛЯ ИГРЫ\Моя игра\OpenGL_tutorial\tut_Basic_Objects\main.cpp(406,31): warning C4305: аргумент: усечение из "double" в "GLfloat"
C:\Users\user\Desktop\ДЛЯ ИГРЫ\Моя игра\OpenGL_tutorial\tut_Basic_Objects\main.cpp(406,63): warning C4305: аргумент: усечение из "double" в "GLfloat"
C:\Users\user\Desktop\ДЛЯ ИГРЫ\Моя игра\OpenGL_tutorial\tut_Basic_Objects\main.cpp(409,30): warning C4305: аргумент: усечение из "double" в "GLfloat"
C:\Users\user\Desktop\ДЛЯ ИГРЫ\Моя игра\OpenGL_tutorial\tut_Basic_Objects\main.cpp(409,61): warning C4305: аргумент: усечение из "double" в "GLfloat"
C:\Users\user\Desktop\ДЛЯ ИГРЫ\Моя игра\OpenGL_tutorial\tut_Basic_Objects\main.cpp(410,31): warning C4305: аргумент: усечение из "double" в "GLfloat"
C:\Users\user\Desktop\ДЛЯ ИГРЫ\Моя игра\OpenGL_tutorial\tut_Basic_Objects\main.cpp(410,63): warning C4305: аргумент: усечение из "double" в "GLfloat"
C:\Users\user\Desktop\ДЛЯ ИГРЫ\Моя игра\OpenGL_tutorial\tut_Basic_Objects\main.cpp(412,30): warning C4305: аргумент: усечение из "double" в "GLfloat"
C:\Users\user\Desktop\ДЛЯ ИГРЫ\Моя игра\OpenGL_tutorial\tut_Basic_Objects\main.cpp(412,61): warning C4305: аргумент: усечение из "double" в "GLfloat"
C:\Users\user\Desktop\ДЛЯ ИГРЫ\Моя игра\OpenGL_tutorial\tut_Basic_Objects\main.cpp(413,31): warning C4305: аргумент: усечение из "double" в "GLfloat"
C:\Users\user\Desktop\ДЛЯ ИГРЫ\Моя игра\OpenGL_tutorial\tut_Basic_Objects\main.cpp(413,63): warning C4305: аргумент: усечение из "double" в "GLfloat"
C:\Users\user\Desktop\ДЛЯ ИГРЫ\Моя игра\OpenGL_tutorial\tut_Basic_Objects\main.cpp(417,30): warning C4305: аргумент: усечение из "double" в "GLfloat"
C:\Users\user\Desktop\ДЛЯ ИГРЫ\Моя игра\OpenGL_tutorial\tut_Basic_Objects\main.cpp(417,61): warning C4305: аргумент: усечение из "double" в "GLfloat"
C:\Users\user\Desktop\ДЛЯ ИГРЫ\Моя игра\OpenGL_tutorial\tut_Basic_Objects\main.cpp(418,31): warning C4305: аргумент: усечение из "double" в "GLfloat"
C:\Users\user\Desktop\ДЛЯ ИГРЫ\Моя игра\OpenGL_tutorial\tut_Basic_Objects\main.cpp(418,63): warning C4305: аргумент: усечение из "double" в "GLfloat"
C:\Users\user\Desktop\ДЛЯ ИГРЫ\Моя игра\OpenGL_tutorial\tut_Basic_Objects\main.cpp(420,30): warning C4305: аргумент: усечение из "double" в "GLfloat"
C:\Users\user\Desktop\ДЛЯ ИГРЫ\Моя игра\OpenGL_tutorial\tut_Basic_Objects\main.cpp(420,62): warning C4305: аргумент: усечение из "double" в "GLfloat"
C:\Users\user\Desktop\ДЛЯ ИГРЫ\Моя игра\OpenGL_tutorial\tut_Basic_Objects\main.cpp(421,31): warning C4305: аргумент: усечение из "double" в "GLfloat"
C:\Users\user\Desktop\ДЛЯ ИГРЫ\Моя игра\OpenGL_tutorial\tut_Basic_Objects\main.cpp(421,63): warning C4305: аргумент: усечение из "double" в "GLfloat"
C:\Users\user\Desktop\ДЛЯ ИГРЫ\Моя игра\OpenGL_tutorial\tut_Basic_Objects\main.cpp(424,30): warning C4305: аргумент: усечение из "double" в "GLfloat"
C:\Users\user\Desktop\ДЛЯ ИГРЫ\Моя игра\OpenGL_tutorial\tut_Basic_Objects\main.cpp(424,61): warning C4305: аргумент: усечение из "double" в "GLfloat"
C:\Users\user\Desktop\ДЛЯ ИГРЫ\Моя игра\OpenGL_tutorial\tut_Basic_Objects\main.cpp(425,31): warning C4305: аргумент: усечение из "double" в "GLfloat"
C:\Users\user\Desktop\ДЛЯ ИГРЫ\Моя игра\OpenGL_tutorial\tut_Basic_Objects\main.cpp(425,63): warning C4305: аргумент: усечение из "double" в "GLfloat"
C:\Users\user\Desktop\ДЛЯ ИГРЫ\Моя игра\OpenGL_tutorial\tut_Basic_Objects\main.cpp(427,31): warning C4305: аргумент: усечение из "double" в "GLfloat"
C:\Users\user\Desktop\ДЛЯ ИГРЫ\Моя игра\OpenGL_tutorial\tut_Basic_Objects\main.cpp(427,62): warning C4305: аргумент: усечение из "double" в "GLfloat"
C:\Users\user\Desktop\ДЛЯ ИГРЫ\Моя игра\OpenGL_tutorial\tut_Basic_Objects\main.cpp(428,31): warning C4305: аргумент: усечение из "double" в "GLfloat"
C:\Users\user\Desktop\ДЛЯ ИГРЫ\Моя игра\OpenGL_tutorial\tut_Basic_Objects\main.cpp(428,63): warning C4305: аргумент: усечение из "double" в "GLfloat"
C:\Users\user\Desktop\ДЛЯ ИГРЫ\Моя игра\OpenGL_tutorial\tut_Basic_Objects\main.cpp(432,30): warning C4305: аргумент: усечение из "double" в "GLfloat"
C:\Users\user\Desktop\ДЛЯ ИГРЫ\Моя игра\OpenGL_tutorial\tut_Basic_Objects\main.cpp(432,61): warning C4305: аргумент: усечение из "double" в "GLfloat"
C:\Users\user\Desktop\ДЛЯ ИГРЫ\Моя игра\OpenGL_tutorial\tut_Basic_Objects\main.cpp(433,31): warning C4305: аргумент: усечение из "double" в "GLfloat"
C:\Users\user\Desktop\ДЛЯ ИГРЫ\Моя игра\OpenGL_tutorial\tut_Basic_Objects\main.cpp(433,63): warning C4305: аргумент: усечение из "double" в "GLfloat"
C:\Users\user\Desktop\ДЛЯ ИГРЫ\Моя игра\OpenGL_tutorial\tut_Basic_Objects\main.cpp(435,30): warning C4305: аргумент: усечение из "double" в "GLfloat"
C:\Users\user\Desktop\ДЛЯ ИГРЫ\Моя игра\OpenGL_tutorial\tut_Basic_Objects\main.cpp(435,62): warning C4305: аргумент: усечение из "double" в "GLfloat"
C:\Users\user\Desktop\ДЛЯ ИГРЫ\Моя игра\OpenGL_tutorial\tut_Basic_Objects\main.cpp(436,31): warning C4305: аргумент: усечение из "double" в "GLfloat"
C:\Users\user\Desktop\ДЛЯ ИГРЫ\Моя игра\OpenGL_tutorial\tut_Basic_Objects\main.cpp(436,63): warning C4305: аргумент: усечение из "double" в "GLfloat"
C:\Users\user\Desktop\ДЛЯ ИГРЫ\Моя игра\OpenGL_tutorial\tut_Basic_Objects\main.cpp(439,30): warning C4305: аргумент: усечение из "double" в "GLfloat"
C:\Users\user\Desktop\ДЛЯ ИГРЫ\Моя игра\OpenGL_tutorial\tut_Basic_Objects\main.cpp(439,61): warning C4305: аргумент: усечение из "double" в "GLfloat"
C:\Users\user\Desktop\ДЛЯ ИГРЫ\Моя игра\OpenGL_tutorial\tut_Basic_Objects\main.cpp(440,31): warning C4305: аргумент: усечение из "double" в "GLfloat"
C:\Users\user\Desktop\ДЛЯ ИГРЫ\Моя игра\OpenGL_tutorial\tut_Basic_Objects\main.cpp(440,63): warning C4305: аргумент: усечение из "double" в "GLfloat"
C:\Users\user\Desktop\ДЛЯ ИГРЫ\Моя игра\OpenGL_tutorial\tut_Basic_Objects\main.cpp(442,31): warning C4305: аргумент: усечение из "double" в "GLfloat"
C:\Users\user\Desktop\ДЛЯ ИГРЫ\Моя игра\OpenGL_tutorial\tut_Basic_Objects\main.cpp(442,62): warning C4305: аргумент: усечение из "double" в "GLfloat"
C:\Users\user\Desktop\ДЛЯ ИГРЫ\Моя игра\OpenGL_tutorial\tut_Basic_Objects\main.cpp(443,31): warning C4305: аргумент: усечение из "double" в "GLfloat"
C:\Users\user\Desktop\ДЛЯ ИГРЫ\Моя игра\OpenGL_tutorial\tut_Basic_Objects\main.cpp(443,63): warning C4305: аргумент: усечение из "double" в "GLfloat"
C:\Users\user\Desktop\ДЛЯ ИГРЫ\Моя игра\OpenGL_tutorial\tut_Basic_Objects\main.cpp(451,20): warning C4305: +=: усечение из "double" в "GLfloat"
C:\Users\user\Desktop\ДЛЯ ИГРЫ\Моя игра\OpenGL_tutorial\tut_Basic_Objects\main.cpp(456,20): warning C4305: -=: усечение из "double" в "GLfloat"
C:\Users\user\Desktop\ДЛЯ ИГРЫ\Моя игра\OpenGL_tutorial\tut_Basic_Objects\main.cpp(461,20): warning C4305: +=: усечение из "double" в "GLfloat"
C:\Users\user\Desktop\ДЛЯ ИГРЫ\Моя игра\OpenGL_tutorial\tut_Basic_Objects\main.cpp(466,20): warning C4305: -=: усечение из "double" в "GLfloat"
main.obj : error LNK2019: ссылка на неразрешенный внешний символ __imp_glutInitWindowPosition в функции main.
main.obj : error LNK2019: ссылка на неразрешенный внешний символ __imp_glutInitWindowSize в функции main.
main.obj : error LNK2019: ссылка на неразрешенный внешний символ __imp_glutInitDisplayMode в функции main.
main.obj : error LNK2019: ссылка на неразрешенный внешний символ __imp_glutMainLoop в функции main.
main.obj : error LNK2019: ссылка на неразрешенный внешний символ __imp_glutPostRedisplay в функции "void __cdecl animate(int)" (?animate@@YAXH@Z).
main.obj : error LNK2019: ссылка на неразрешенный внешний символ __imp_glutSwapBuffers в функции "void __cdecl renderScene(void)" (?renderScene@@YAXXZ).
main.obj : error LNK2019: ссылка на неразрешенный внешний символ __imp_glutTimerFunc в функции "void __cdecl animate(int)" (?animate@@YAXH@Z).
main.obj : error LNK2019: ссылка на неразрешенный внешний символ __imp_glutKeyboardFunc в функции main.
main.obj : error LNK2019: ссылка на неразрешенный внешний символ __imp_glutDisplayFunc в функции main.
main.obj : error LNK2019: ссылка на неразрешенный внешний символ __imp___glutInitWithExit в функции glutInit_ATEXIT_HACK.
main.obj : error LNK2019: ссылка на неразрешенный внешний символ __imp___glutCreateWindowWithExit в функции glutCreateWindow_ATEXIT_HACK.
C:\Users\user\Desktop\ДЛЯ ИГРЫ\Моя игра\OpenGL_tutorial\tut_Basic_Objects\lib\freeglut.lib : warning LNK4272: тип компьютера библиотеки "x86" конфликтует с типом целевого компьютера "x64"
C:\Users\user\Desktop\ДЛЯ ИГРЫ\Моя игра\OpenGL_tutorial\x64\Debug\tut_Basic_Objects.exe : fatal error LNK1120: неразрешенных внешних элементов: 11
