  main.cpp
C:\Users\user\Desktop\ДЛЯ ИГРЫ\МОЯ ИГРА\tut_Basic_Objects\GL\bass.h(654,7): warning C4200: нестандартное расширение: массив нулевого размера в структуре (объединении)
C:\Users\user\Desktop\ДЛЯ ИГРЫ\МОЯ ИГРА\tut_Basic_Objects\GL\bass.h(654,7): message : Этот член будет пропущен конструктором, установленным по умолчанию, или оператором назначения копии или перемещения
C:\Users\user\Desktop\ДЛЯ ИГРЫ\МОЯ ИГРА\tut_Basic_Objects\main.cpp(59,12): warning C4244: аргумент: преобразование "time_t" в "unsigned int", возможна потеря данных
C:\Users\user\Desktop\ДЛЯ ИГРЫ\МОЯ ИГРА\tut_Basic_Objects\main.cpp(82,16): warning C4244: аргумент: преобразование "double" в "unsigned int", возможна потеря данных
C:\Users\user\Desktop\ДЛЯ ИГРЫ\МОЯ ИГРА\tut_Basic_Objects\main.cpp(104,16): warning C4244: аргумент: преобразование "double" в "unsigned int", возможна потеря данных
C:\Users\user\Desktop\ДЛЯ ИГРЫ\МОЯ ИГРА\tut_Basic_Objects\main.cpp(112,8): warning C4101: c: неиспользованная локальная переменная
C:\Users\user\Desktop\ДЛЯ ИГРЫ\МОЯ ИГРА\tut_Basic_Objects\main.cpp(161,30): warning C4305: аргумент: усечение из "double" в "GLfloat"
C:\Users\user\Desktop\ДЛЯ ИГРЫ\МОЯ ИГРА\tut_Basic_Objects\main.cpp(161,60): warning C4305: аргумент: усечение из "double" в "GLfloat"
C:\Users\user\Desktop\ДЛЯ ИГРЫ\МОЯ ИГРА\tut_Basic_Objects\main.cpp(162,30): warning C4305: аргумент: усечение из "double" в "GLfloat"
C:\Users\user\Desktop\ДЛЯ ИГРЫ\МОЯ ИГРА\tut_Basic_Objects\main.cpp(162,62): warning C4305: аргумент: усечение из "double" в "GLfloat"
C:\Users\user\Desktop\ДЛЯ ИГРЫ\МОЯ ИГРА\tut_Basic_Objects\main.cpp(164,30): warning C4305: аргумент: усечение из "double" в "GLfloat"
C:\Users\user\Desktop\ДЛЯ ИГРЫ\МОЯ ИГРА\tut_Basic_Objects\main.cpp(164,60): warning C4305: аргумент: усечение из "double" в "GLfloat"
C:\Users\user\Desktop\ДЛЯ ИГРЫ\МОЯ ИГРА\tut_Basic_Objects\main.cpp(165,30): warning C4305: аргумент: усечение из "double" в "GLfloat"
C:\Users\user\Desktop\ДЛЯ ИГРЫ\МОЯ ИГРА\tut_Basic_Objects\main.cpp(165,62): warning C4305: аргумент: усечение из "double" в "GLfloat"
C:\Users\user\Desktop\ДЛЯ ИГРЫ\МОЯ ИГРА\tut_Basic_Objects\main.cpp(167,30): warning C4305: аргумент: усечение из "double" в "GLfloat"
C:\Users\user\Desktop\ДЛЯ ИГРЫ\МОЯ ИГРА\tut_Basic_Objects\main.cpp(167,59): warning C4305: аргумент: усечение из "double" в "GLfloat"
C:\Users\user\Desktop\ДЛЯ ИГРЫ\МОЯ ИГРА\tut_Basic_Objects\main.cpp(168,29): warning C4305: аргумент: усечение из "double" в "GLfloat"
C:\Users\user\Desktop\ДЛЯ ИГРЫ\МОЯ ИГРА\tut_Basic_Objects\main.cpp(168,61): warning C4305: аргумент: усечение из "double" в "GLfloat"
C:\Users\user\Desktop\ДЛЯ ИГРЫ\МОЯ ИГРА\tut_Basic_Objects\main.cpp(177,31): warning C4305: аргумент: усечение из "double" в "GLfloat"
C:\Users\user\Desktop\ДЛЯ ИГРЫ\МОЯ ИГРА\tut_Basic_Objects\main.cpp(177,63): warning C4305: аргумент: усечение из "double" в "GLfloat"
C:\Users\user\Desktop\ДЛЯ ИГРЫ\МОЯ ИГРА\tut_Basic_Objects\main.cpp(178,31): warning C4305: аргумент: усечение из "double" в "GLfloat"
C:\Users\user\Desktop\ДЛЯ ИГРЫ\МОЯ ИГРА\tut_Basic_Objects\main.cpp(178,63): warning C4305: аргумент: усечение из "double" в "GLfloat"
C:\Users\user\Desktop\ДЛЯ ИГРЫ\МОЯ ИГРА\tut_Basic_Objects\main.cpp(180,31): warning C4305: аргумент: усечение из "double" в "GLfloat"
C:\Users\user\Desktop\ДЛЯ ИГРЫ\МОЯ ИГРА\tut_Basic_Objects\main.cpp(180,63): warning C4305: аргумент: усечение из "double" в "GLfloat"
C:\Users\user\Desktop\ДЛЯ ИГРЫ\МОЯ ИГРА\tut_Basic_Objects\main.cpp(181,31): warning C4305: аргумент: усечение из "double" в "GLfloat"
C:\Users\user\Desktop\ДЛЯ ИГРЫ\МОЯ ИГРА\tut_Basic_Objects\main.cpp(181,63): warning C4305: аргумент: усечение из "double" в "GLfloat"
C:\Users\user\Desktop\ДЛЯ ИГРЫ\МОЯ ИГРА\tut_Basic_Objects\main.cpp(190,31): warning C4305: аргумент: усечение из "double" в "GLfloat"
C:\Users\user\Desktop\ДЛЯ ИГРЫ\МОЯ ИГРА\tut_Basic_Objects\main.cpp(190,63): warning C4305: аргумент: усечение из "double" в "GLfloat"
C:\Users\user\Desktop\ДЛЯ ИГРЫ\МОЯ ИГРА\tut_Basic_Objects\main.cpp(191,31): warning C4305: аргумент: усечение из "double" в "GLfloat"
C:\Users\user\Desktop\ДЛЯ ИГРЫ\МОЯ ИГРА\tut_Basic_Objects\main.cpp(191,63): warning C4305: аргумент: усечение из "double" в "GLfloat"
C:\Users\user\Desktop\ДЛЯ ИГРЫ\МОЯ ИГРА\tut_Basic_Objects\main.cpp(201,30): warning C4305: аргумент: усечение из "double" в "GLfloat"
C:\Users\user\Desktop\ДЛЯ ИГРЫ\МОЯ ИГРА\tut_Basic_Objects\main.cpp(201,61): warning C4305: аргумент: усечение из "double" в "GLfloat"
C:\Users\user\Desktop\ДЛЯ ИГРЫ\МОЯ ИГРА\tut_Basic_Objects\main.cpp(202,30): warning C4305: аргумент: усечение из "double" в "GLfloat"
C:\Users\user\Desktop\ДЛЯ ИГРЫ\МОЯ ИГРА\tut_Basic_Objects\main.cpp(202,61): warning C4305: аргумент: усечение из "double" в "GLfloat"
C:\Users\user\Desktop\ДЛЯ ИГРЫ\МОЯ ИГРА\tut_Basic_Objects\main.cpp(204,30): warning C4305: аргумент: усечение из "double" в "GLfloat"
C:\Users\user\Desktop\ДЛЯ ИГРЫ\МОЯ ИГРА\tut_Basic_Objects\main.cpp(204,61): warning C4305: аргумент: усечение из "double" в "GLfloat"
C:\Users\user\Desktop\ДЛЯ ИГРЫ\МОЯ ИГРА\tut_Basic_Objects\main.cpp(205,30): warning C4305: аргумент: усечение из "double" в "GLfloat"
C:\Users\user\Desktop\ДЛЯ ИГРЫ\МОЯ ИГРА\tut_Basic_Objects\main.cpp(205,61): warning C4305: аргумент: усечение из "double" в "GLfloat"
C:\Users\user\Desktop\ДЛЯ ИГРЫ\МОЯ ИГРА\tut_Basic_Objects\main.cpp(215,30): warning C4305: аргумент: усечение из "double" в "GLfloat"
C:\Users\user\Desktop\ДЛЯ ИГРЫ\МОЯ ИГРА\tut_Basic_Objects\main.cpp(215,61): warning C4305: аргумент: усечение из "double" в "GLfloat"
C:\Users\user\Desktop\ДЛЯ ИГРЫ\МОЯ ИГРА\tut_Basic_Objects\main.cpp(216,30): warning C4305: аргумент: усечение из "double" в "GLfloat"
C:\Users\user\Desktop\ДЛЯ ИГРЫ\МОЯ ИГРА\tut_Basic_Objects\main.cpp(216,61): warning C4305: аргумент: усечение из "double" в "GLfloat"
C:\Users\user\Desktop\ДЛЯ ИГРЫ\МОЯ ИГРА\tut_Basic_Objects\main.cpp(236,29): warning C4305: аргумент: усечение из "double" в "GLfloat"
C:\Users\user\Desktop\ДЛЯ ИГРЫ\МОЯ ИГРА\tut_Basic_Objects\main.cpp(236,60): warning C4305: аргумент: усечение из "double" в "GLfloat"
C:\Users\user\Desktop\ДЛЯ ИГРЫ\МОЯ ИГРА\tut_Basic_Objects\main.cpp(237,30): warning C4305: аргумент: усечение из "double" в "GLfloat"
C:\Users\user\Desktop\ДЛЯ ИГРЫ\МОЯ ИГРА\tut_Basic_Objects\main.cpp(237,60): warning C4305: аргумент: усечение из "double" в "GLfloat"
C:\Users\user\Desktop\ДЛЯ ИГРЫ\МОЯ ИГРА\tut_Basic_Objects\main.cpp(239,30): warning C4305: аргумент: усечение из "double" в "GLfloat"
C:\Users\user\Desktop\ДЛЯ ИГРЫ\МОЯ ИГРА\tut_Basic_Objects\main.cpp(239,61): warning C4305: аргумент: усечение из "double" в "GLfloat"
C:\Users\user\Desktop\ДЛЯ ИГРЫ\МОЯ ИГРА\tut_Basic_Objects\main.cpp(240,30): warning C4305: аргумент: усечение из "double" в "GLfloat"
C:\Users\user\Desktop\ДЛЯ ИГРЫ\МОЯ ИГРА\tut_Basic_Objects\main.cpp(240,61): warning C4305: аргумент: усечение из "double" в "GLfloat"
C:\Users\user\Desktop\ДЛЯ ИГРЫ\МОЯ ИГРА\tut_Basic_Objects\main.cpp(244,30): warning C4305: аргумент: усечение из "double" в "GLfloat"
C:\Users\user\Desktop\ДЛЯ ИГРЫ\МОЯ ИГРА\tut_Basic_Objects\main.cpp(244,61): warning C4305: аргумент: усечение из "double" в "GLfloat"
C:\Users\user\Desktop\ДЛЯ ИГРЫ\МОЯ ИГРА\tut_Basic_Objects\main.cpp(245,30): warning C4305: аргумент: усечение из "double" в "GLfloat"
C:\Users\user\Desktop\ДЛЯ ИГРЫ\МОЯ ИГРА\tut_Basic_Objects\main.cpp(245,60): warning C4305: аргумент: усечение из "double" в "GLfloat"
C:\Users\user\Desktop\ДЛЯ ИГРЫ\МОЯ ИГРА\tut_Basic_Objects\main.cpp(247,30): warning C4305: аргумент: усечение из "double" в "GLfloat"
C:\Users\user\Desktop\ДЛЯ ИГРЫ\МОЯ ИГРА\tut_Basic_Objects\main.cpp(247,61): warning C4305: аргумент: усечение из "double" в "GLfloat"
C:\Users\user\Desktop\ДЛЯ ИГРЫ\МОЯ ИГРА\tut_Basic_Objects\main.cpp(248,30): warning C4305: аргумент: усечение из "double" в "GLfloat"
C:\Users\user\Desktop\ДЛЯ ИГРЫ\МОЯ ИГРА\tut_Basic_Objects\main.cpp(248,61): warning C4305: аргумент: усечение из "double" в "GLfloat"
C:\Users\user\Desktop\ДЛЯ ИГРЫ\МОЯ ИГРА\tut_Basic_Objects\main.cpp(250,30): warning C4305: аргумент: усечение из "double" в "GLfloat"
C:\Users\user\Desktop\ДЛЯ ИГРЫ\МОЯ ИГРА\tut_Basic_Objects\main.cpp(250,55): warning C4305: аргумент: усечение из "double" в "GLfloat"
C:\Users\user\Desktop\ДЛЯ ИГРЫ\МОЯ ИГРА\tut_Basic_Objects\main.cpp(251,28): warning C4305: аргумент: усечение из "double" в "GLfloat"
C:\Users\user\Desktop\ДЛЯ ИГРЫ\МОЯ ИГРА\tut_Basic_Objects\main.cpp(251,59): warning C4305: аргумент: усечение из "double" в "GLfloat"
C:\Users\user\Desktop\ДЛЯ ИГРЫ\МОЯ ИГРА\tut_Basic_Objects\main.cpp(253,24): warning C4305: аргумент: усечение из "double" в "GLfloat"
C:\Users\user\Desktop\ДЛЯ ИГРЫ\МОЯ ИГРА\tut_Basic_Objects\main.cpp(253,55): warning C4305: аргумент: усечение из "double" в "GLfloat"
C:\Users\user\Desktop\ДЛЯ ИГРЫ\МОЯ ИГРА\tut_Basic_Objects\main.cpp(254,30): warning C4305: аргумент: усечение из "double" в "GLfloat"
C:\Users\user\Desktop\ДЛЯ ИГРЫ\МОЯ ИГРА\tut_Basic_Objects\main.cpp(254,61): warning C4305: аргумент: усечение из "double" в "GLfloat"
C:\Users\user\Desktop\ДЛЯ ИГРЫ\МОЯ ИГРА\tut_Basic_Objects\main.cpp(256,30): warning C4305: аргумент: усечение из "double" в "GLfloat"
C:\Users\user\Desktop\ДЛЯ ИГРЫ\МОЯ ИГРА\tut_Basic_Objects\main.cpp(256,61): warning C4305: аргумент: усечение из "double" в "GLfloat"
C:\Users\user\Desktop\ДЛЯ ИГРЫ\МОЯ ИГРА\tut_Basic_Objects\main.cpp(257,30): warning C4305: аргумент: усечение из "double" в "GLfloat"
C:\Users\user\Desktop\ДЛЯ ИГРЫ\МОЯ ИГРА\tut_Basic_Objects\main.cpp(257,60): warning C4305: аргумент: усечение из "double" в "GLfloat"
C:\Users\user\Desktop\ДЛЯ ИГРЫ\МОЯ ИГРА\tut_Basic_Objects\main.cpp(259,30): warning C4305: аргумент: усечение из "double" в "GLfloat"
C:\Users\user\Desktop\ДЛЯ ИГРЫ\МОЯ ИГРА\tut_Basic_Objects\main.cpp(259,61): warning C4305: аргумент: усечение из "double" в "GLfloat"
C:\Users\user\Desktop\ДЛЯ ИГРЫ\МОЯ ИГРА\tut_Basic_Objects\main.cpp(260,30): warning C4305: аргумент: усечение из "double" в "GLfloat"
C:\Users\user\Desktop\ДЛЯ ИГРЫ\МОЯ ИГРА\tut_Basic_Objects\main.cpp(260,61): warning C4305: аргумент: усечение из "double" в "GLfloat"
C:\Users\user\Desktop\ДЛЯ ИГРЫ\МОЯ ИГРА\tut_Basic_Objects\main.cpp(262,30): warning C4305: аргумент: усечение из "double" в "GLfloat"
C:\Users\user\Desktop\ДЛЯ ИГРЫ\МОЯ ИГРА\tut_Basic_Objects\main.cpp(262,60): warning C4305: аргумент: усечение из "double" в "GLfloat"
C:\Users\user\Desktop\ДЛЯ ИГРЫ\МОЯ ИГРА\tut_Basic_Objects\main.cpp(263,30): warning C4305: аргумент: усечение из "double" в "GLfloat"
C:\Users\user\Desktop\ДЛЯ ИГРЫ\МОЯ ИГРА\tut_Basic_Objects\main.cpp(263,61): warning C4305: аргумент: усечение из "double" в "GLfloat"
C:\Users\user\Desktop\ДЛЯ ИГРЫ\МОЯ ИГРА\tut_Basic_Objects\main.cpp(265,29): warning C4305: аргумент: усечение из "double" в "GLfloat"
C:\Users\user\Desktop\ДЛЯ ИГРЫ\МОЯ ИГРА\tut_Basic_Objects\main.cpp(265,59): warning C4305: аргумент: усечение из "double" в "GLfloat"
C:\Users\user\Desktop\ДЛЯ ИГРЫ\МОЯ ИГРА\tut_Basic_Objects\main.cpp(266,30): warning C4305: аргумент: усечение из "double" в "GLfloat"
C:\Users\user\Desktop\ДЛЯ ИГРЫ\МОЯ ИГРА\tut_Basic_Objects\main.cpp(266,61): warning C4305: аргумент: усечение из "double" в "GLfloat"
C:\Users\user\Desktop\ДЛЯ ИГРЫ\МОЯ ИГРА\tut_Basic_Objects\main.cpp(268,30): warning C4305: аргумент: усечение из "double" в "GLfloat"
C:\Users\user\Desktop\ДЛЯ ИГРЫ\МОЯ ИГРА\tut_Basic_Objects\main.cpp(268,61): warning C4305: аргумент: усечение из "double" в "GLfloat"
C:\Users\user\Desktop\ДЛЯ ИГРЫ\МОЯ ИГРА\tut_Basic_Objects\main.cpp(269,30): warning C4305: аргумент: усечение из "double" в "GLfloat"
C:\Users\user\Desktop\ДЛЯ ИГРЫ\МОЯ ИГРА\tut_Basic_Objects\main.cpp(269,61): warning C4305: аргумент: усечение из "double" в "GLfloat"
C:\Users\user\Desktop\ДЛЯ ИГРЫ\МОЯ ИГРА\tut_Basic_Objects\main.cpp(271,30): warning C4305: аргумент: усечение из "double" в "GLfloat"
C:\Users\user\Desktop\ДЛЯ ИГРЫ\МОЯ ИГРА\tut_Basic_Objects\main.cpp(271,61): warning C4305: аргумент: усечение из "double" в "GLfloat"
C:\Users\user\Desktop\ДЛЯ ИГРЫ\МОЯ ИГРА\tut_Basic_Objects\main.cpp(272,30): warning C4305: аргумент: усечение из "double" в "GLfloat"
C:\Users\user\Desktop\ДЛЯ ИГРЫ\МОЯ ИГРА\tut_Basic_Objects\main.cpp(272,61): warning C4305: аргумент: усечение из "double" в "GLfloat"
C:\Users\user\Desktop\ДЛЯ ИГРЫ\МОЯ ИГРА\tut_Basic_Objects\main.cpp(274,30): warning C4305: аргумент: усечение из "double" в "GLfloat"
C:\Users\user\Desktop\ДЛЯ ИГРЫ\МОЯ ИГРА\tut_Basic_Objects\main.cpp(274,60): warning C4305: аргумент: усечение из "double" в "GLfloat"
C:\Users\user\Desktop\ДЛЯ ИГРЫ\МОЯ ИГРА\tut_Basic_Objects\main.cpp(275,30): warning C4305: аргумент: усечение из "double" в "GLfloat"
C:\Users\user\Desktop\ДЛЯ ИГРЫ\МОЯ ИГРА\tut_Basic_Objects\main.cpp(275,61): warning C4305: аргумент: усечение из "double" в "GLfloat"
C:\Users\user\Desktop\ДЛЯ ИГРЫ\МОЯ ИГРА\tut_Basic_Objects\main.cpp(277,30): warning C4305: аргумент: усечение из "double" в "GLfloat"
C:\Users\user\Desktop\ДЛЯ ИГРЫ\МОЯ ИГРА\tut_Basic_Objects\main.cpp(277,61): warning C4305: аргумент: усечение из "double" в "GLfloat"
C:\Users\user\Desktop\ДЛЯ ИГРЫ\МОЯ ИГРА\tut_Basic_Objects\main.cpp(278,30): warning C4305: аргумент: усечение из "double" в "GLfloat"
C:\Users\user\Desktop\ДЛЯ ИГРЫ\МОЯ ИГРА\tut_Basic_Objects\main.cpp(278,61): warning C4305: аргумент: усечение из "double" в "GLfloat"
C:\Users\user\Desktop\ДЛЯ ИГРЫ\МОЯ ИГРА\tut_Basic_Objects\main.cpp(280,30): warning C4305: аргумент: усечение из "double" в "GLfloat"
C:\Users\user\Desktop\ДЛЯ ИГРЫ\МОЯ ИГРА\tut_Basic_Objects\main.cpp(280,51): warning C4305: аргумент: усечение из "double" в "GLfloat"
C:\Users\user\Desktop\ДЛЯ ИГРЫ\МОЯ ИГРА\tut_Basic_Objects\main.cpp(281,30): warning C4305: аргумент: усечение из "double" в "GLfloat"
C:\Users\user\Desktop\ДЛЯ ИГРЫ\МОЯ ИГРА\tut_Basic_Objects\main.cpp(281,61): warning C4305: аргумент: усечение из "double" в "GLfloat"
C:\Users\user\Desktop\ДЛЯ ИГРЫ\МОЯ ИГРА\tut_Basic_Objects\main.cpp(283,30): warning C4305: аргумент: усечение из "double" в "GLfloat"
C:\Users\user\Desktop\ДЛЯ ИГРЫ\МОЯ ИГРА\tut_Basic_Objects\main.cpp(283,61): warning C4305: аргумент: усечение из "double" в "GLfloat"
C:\Users\user\Desktop\ДЛЯ ИГРЫ\МОЯ ИГРА\tut_Basic_Objects\main.cpp(284,30): warning C4305: аргумент: усечение из "double" в "GLfloat"
C:\Users\user\Desktop\ДЛЯ ИГРЫ\МОЯ ИГРА\tut_Basic_Objects\main.cpp(284,61): warning C4305: аргумент: усечение из "double" в "GLfloat"
C:\Users\user\Desktop\ДЛЯ ИГРЫ\МОЯ ИГРА\tut_Basic_Objects\main.cpp(286,30): warning C4305: аргумент: усечение из "double" в "GLfloat"
C:\Users\user\Desktop\ДЛЯ ИГРЫ\МОЯ ИГРА\tut_Basic_Objects\main.cpp(286,61): warning C4305: аргумент: усечение из "double" в "GLfloat"
C:\Users\user\Desktop\ДЛЯ ИГРЫ\МОЯ ИГРА\tut_Basic_Objects\main.cpp(287,30): warning C4305: аргумент: усечение из "double" в "GLfloat"
C:\Users\user\Desktop\ДЛЯ ИГРЫ\МОЯ ИГРА\tut_Basic_Objects\main.cpp(287,61): warning C4305: аргумент: усечение из "double" в "GLfloat"
C:\Users\user\Desktop\ДЛЯ ИГРЫ\МОЯ ИГРА\tut_Basic_Objects\main.cpp(289,30): warning C4305: аргумент: усечение из "double" в "GLfloat"
C:\Users\user\Desktop\ДЛЯ ИГРЫ\МОЯ ИГРА\tut_Basic_Objects\main.cpp(289,61): warning C4305: аргумент: усечение из "double" в "GLfloat"
C:\Users\user\Desktop\ДЛЯ ИГРЫ\МОЯ ИГРА\tut_Basic_Objects\main.cpp(290,30): warning C4305: аргумент: усечение из "double" в "GLfloat"
C:\Users\user\Desktop\ДЛЯ ИГРЫ\МОЯ ИГРА\tut_Basic_Objects\main.cpp(290,61): warning C4305: аргумент: усечение из "double" в "GLfloat"
C:\Users\user\Desktop\ДЛЯ ИГРЫ\МОЯ ИГРА\tut_Basic_Objects\main.cpp(292,30): warning C4305: аргумент: усечение из "double" в "GLfloat"
C:\Users\user\Desktop\ДЛЯ ИГРЫ\МОЯ ИГРА\tut_Basic_Objects\main.cpp(292,61): warning C4305: аргумент: усечение из "double" в "GLfloat"
C:\Users\user\Desktop\ДЛЯ ИГРЫ\МОЯ ИГРА\tut_Basic_Objects\main.cpp(293,30): warning C4305: аргумент: усечение из "double" в "GLfloat"
C:\Users\user\Desktop\ДЛЯ ИГРЫ\МОЯ ИГРА\tut_Basic_Objects\main.cpp(293,61): warning C4305: аргумент: усечение из "double" в "GLfloat"
C:\Users\user\Desktop\ДЛЯ ИГРЫ\МОЯ ИГРА\tut_Basic_Objects\main.cpp(295,30): warning C4305: аргумент: усечение из "double" в "GLfloat"
C:\Users\user\Desktop\ДЛЯ ИГРЫ\МОЯ ИГРА\tut_Basic_Objects\main.cpp(295,61): warning C4305: аргумент: усечение из "double" в "GLfloat"
C:\Users\user\Desktop\ДЛЯ ИГРЫ\МОЯ ИГРА\tut_Basic_Objects\main.cpp(296,29): warning C4305: аргумент: усечение из "double" в "GLfloat"
C:\Users\user\Desktop\ДЛЯ ИГРЫ\МОЯ ИГРА\tut_Basic_Objects\main.cpp(296,60): warning C4305: аргумент: усечение из "double" в "GLfloat"
C:\Users\user\Desktop\ДЛЯ ИГРЫ\МОЯ ИГРА\tut_Basic_Objects\main.cpp(298,30): warning C4305: аргумент: усечение из "double" в "GLfloat"
C:\Users\user\Desktop\ДЛЯ ИГРЫ\МОЯ ИГРА\tut_Basic_Objects\main.cpp(298,61): warning C4305: аргумент: усечение из "double" в "GLfloat"
C:\Users\user\Desktop\ДЛЯ ИГРЫ\МОЯ ИГРА\tut_Basic_Objects\main.cpp(299,30): warning C4305: аргумент: усечение из "double" в "GLfloat"
C:\Users\user\Desktop\ДЛЯ ИГРЫ\МОЯ ИГРА\tut_Basic_Objects\main.cpp(299,61): warning C4305: аргумент: усечение из "double" в "GLfloat"
C:\Users\user\Desktop\ДЛЯ ИГРЫ\МОЯ ИГРА\tut_Basic_Objects\main.cpp(301,30): warning C4305: аргумент: усечение из "double" в "GLfloat"
C:\Users\user\Desktop\ДЛЯ ИГРЫ\МОЯ ИГРА\tut_Basic_Objects\main.cpp(301,61): warning C4305: аргумент: усечение из "double" в "GLfloat"
C:\Users\user\Desktop\ДЛЯ ИГРЫ\МОЯ ИГРА\tut_Basic_Objects\main.cpp(302,30): warning C4305: аргумент: усечение из "double" в "GLfloat"
C:\Users\user\Desktop\ДЛЯ ИГРЫ\МОЯ ИГРА\tut_Basic_Objects\main.cpp(302,61): warning C4305: аргумент: усечение из "double" в "GLfloat"
C:\Users\user\Desktop\ДЛЯ ИГРЫ\МОЯ ИГРА\tut_Basic_Objects\main.cpp(304,30): warning C4305: аргумент: усечение из "double" в "GLfloat"
C:\Users\user\Desktop\ДЛЯ ИГРЫ\МОЯ ИГРА\tut_Basic_Objects\main.cpp(304,61): warning C4305: аргумент: усечение из "double" в "GLfloat"
C:\Users\user\Desktop\ДЛЯ ИГРЫ\МОЯ ИГРА\tut_Basic_Objects\main.cpp(305,30): warning C4305: аргумент: усечение из "double" в "GLfloat"
C:\Users\user\Desktop\ДЛЯ ИГРЫ\МОЯ ИГРА\tut_Basic_Objects\main.cpp(305,61): warning C4305: аргумент: усечение из "double" в "GLfloat"
C:\Users\user\Desktop\ДЛЯ ИГРЫ\МОЯ ИГРА\tut_Basic_Objects\main.cpp(324,28): warning C4305: аргумент: усечение из "double" в "GLfloat"
C:\Users\user\Desktop\ДЛЯ ИГРЫ\МОЯ ИГРА\tut_Basic_Objects\main.cpp(324,58): warning C4305: аргумент: усечение из "double" в "GLfloat"
C:\Users\user\Desktop\ДЛЯ ИГРЫ\МОЯ ИГРА\tut_Basic_Objects\main.cpp(325,29): warning C4305: аргумент: усечение из "double" в "GLfloat"
C:\Users\user\Desktop\ДЛЯ ИГРЫ\МОЯ ИГРА\tut_Basic_Objects\main.cpp(325,58): warning C4305: аргумент: усечение из "double" в "GLfloat"
C:\Users\user\Desktop\ДЛЯ ИГРЫ\МОЯ ИГРА\tut_Basic_Objects\main.cpp(327,29): warning C4305: аргумент: усечение из "double" в "GLfloat"
C:\Users\user\Desktop\ДЛЯ ИГРЫ\МОЯ ИГРА\tut_Basic_Objects\main.cpp(327,59): warning C4305: аргумент: усечение из "double" в "GLfloat"
C:\Users\user\Desktop\ДЛЯ ИГРЫ\МОЯ ИГРА\tut_Basic_Objects\main.cpp(328,29): warning C4305: аргумент: усечение из "double" в "GLfloat"
C:\Users\user\Desktop\ДЛЯ ИГРЫ\МОЯ ИГРА\tut_Basic_Objects\main.cpp(328,59): warning C4305: аргумент: усечение из "double" в "GLfloat"
C:\Users\user\Desktop\ДЛЯ ИГРЫ\МОЯ ИГРА\tut_Basic_Objects\main.cpp(332,28): warning C4305: аргумент: усечение из "double" в "GLfloat"
C:\Users\user\Desktop\ДЛЯ ИГРЫ\МОЯ ИГРА\tut_Basic_Objects\main.cpp(332,58): warning C4305: аргумент: усечение из "double" в "GLfloat"
C:\Users\user\Desktop\ДЛЯ ИГРЫ\МОЯ ИГРА\tut_Basic_Objects\main.cpp(333,29): warning C4305: аргумент: усечение из "double" в "GLfloat"
C:\Users\user\Desktop\ДЛЯ ИГРЫ\МОЯ ИГРА\tut_Basic_Objects\main.cpp(333,59): warning C4305: аргумент: усечение из "double" в "GLfloat"
C:\Users\user\Desktop\ДЛЯ ИГРЫ\МОЯ ИГРА\tut_Basic_Objects\main.cpp(335,29): warning C4305: аргумент: усечение из "double" в "GLfloat"
C:\Users\user\Desktop\ДЛЯ ИГРЫ\МОЯ ИГРА\tut_Basic_Objects\main.cpp(335,59): warning C4305: аргумент: усечение из "double" в "GLfloat"
C:\Users\user\Desktop\ДЛЯ ИГРЫ\МОЯ ИГРА\tut_Basic_Objects\main.cpp(336,29): warning C4305: аргумент: усечение из "double" в "GLfloat"
C:\Users\user\Desktop\ДЛЯ ИГРЫ\МОЯ ИГРА\tut_Basic_Objects\main.cpp(336,58): warning C4305: аргумент: усечение из "double" в "GLfloat"
C:\Users\user\Desktop\ДЛЯ ИГРЫ\МОЯ ИГРА\tut_Basic_Objects\main.cpp(338,29): warning C4305: аргумент: усечение из "double" в "GLfloat"
C:\Users\user\Desktop\ДЛЯ ИГРЫ\МОЯ ИГРА\tut_Basic_Objects\main.cpp(338,59): warning C4305: аргумент: усечение из "double" в "GLfloat"
C:\Users\user\Desktop\ДЛЯ ИГРЫ\МОЯ ИГРА\tut_Basic_Objects\main.cpp(339,29): warning C4305: аргумент: усечение из "double" в "GLfloat"
C:\Users\user\Desktop\ДЛЯ ИГРЫ\МОЯ ИГРА\tut_Basic_Objects\main.cpp(339,59): warning C4305: аргумент: усечение из "double" в "GLfloat"
C:\Users\user\Desktop\ДЛЯ ИГРЫ\МОЯ ИГРА\tut_Basic_Objects\main.cpp(341,29): warning C4305: аргумент: усечение из "double" в "GLfloat"
C:\Users\user\Desktop\ДЛЯ ИГРЫ\МОЯ ИГРА\tut_Basic_Objects\main.cpp(341,59): warning C4305: аргумент: усечение из "double" в "GLfloat"
C:\Users\user\Desktop\ДЛЯ ИГРЫ\МОЯ ИГРА\tut_Basic_Objects\main.cpp(342,29): warning C4305: аргумент: усечение из "double" в "GLfloat"
C:\Users\user\Desktop\ДЛЯ ИГРЫ\МОЯ ИГРА\tut_Basic_Objects\main.cpp(342,59): warning C4305: аргумент: усечение из "double" в "GLfloat"
C:\Users\user\Desktop\ДЛЯ ИГРЫ\МОЯ ИГРА\tut_Basic_Objects\main.cpp(344,29): warning C4305: аргумент: усечение из "double" в "GLfloat"
C:\Users\user\Desktop\ДЛЯ ИГРЫ\МОЯ ИГРА\tut_Basic_Objects\main.cpp(344,59): warning C4305: аргумент: усечение из "double" в "GLfloat"
C:\Users\user\Desktop\ДЛЯ ИГРЫ\МОЯ ИГРА\tut_Basic_Objects\main.cpp(345,29): warning C4305: аргумент: усечение из "double" в "GLfloat"
C:\Users\user\Desktop\ДЛЯ ИГРЫ\МОЯ ИГРА\tut_Basic_Objects\main.cpp(345,59): warning C4305: аргумент: усечение из "double" в "GLfloat"
C:\Users\user\Desktop\ДЛЯ ИГРЫ\МОЯ ИГРА\tut_Basic_Objects\main.cpp(347,29): warning C4305: аргумент: усечение из "double" в "GLfloat"
C:\Users\user\Desktop\ДЛЯ ИГРЫ\МОЯ ИГРА\tut_Basic_Objects\main.cpp(347,59): warning C4305: аргумент: усечение из "double" в "GLfloat"
C:\Users\user\Desktop\ДЛЯ ИГРЫ\МОЯ ИГРА\tut_Basic_Objects\main.cpp(348,29): warning C4305: аргумент: усечение из "double" в "GLfloat"
C:\Users\user\Desktop\ДЛЯ ИГРЫ\МОЯ ИГРА\tut_Basic_Objects\main.cpp(348,59): warning C4305: аргумент: усечение из "double" в "GLfloat"
C:\Users\user\Desktop\ДЛЯ ИГРЫ\МОЯ ИГРА\tut_Basic_Objects\main.cpp(350,29): warning C4305: аргумент: усечение из "double" в "GLfloat"
C:\Users\user\Desktop\ДЛЯ ИГРЫ\МОЯ ИГРА\tut_Basic_Objects\main.cpp(350,59): warning C4305: аргумент: усечение из "double" в "GLfloat"
C:\Users\user\Desktop\ДЛЯ ИГРЫ\МОЯ ИГРА\tut_Basic_Objects\main.cpp(351,28): warning C4305: аргумент: усечение из "double" в "GLfloat"
C:\Users\user\Desktop\ДЛЯ ИГРЫ\МОЯ ИГРА\tut_Basic_Objects\main.cpp(351,52): warning C4305: аргумент: усечение из "double" в "GLfloat"
C:\Users\user\Desktop\ДЛЯ ИГРЫ\МОЯ ИГРА\tut_Basic_Objects\main.cpp(353,29): warning C4305: аргумент: усечение из "double" в "GLfloat"
C:\Users\user\Desktop\ДЛЯ ИГРЫ\МОЯ ИГРА\tut_Basic_Objects\main.cpp(353,59): warning C4305: аргумент: усечение из "double" в "GLfloat"
C:\Users\user\Desktop\ДЛЯ ИГРЫ\МОЯ ИГРА\tut_Basic_Objects\main.cpp(354,29): warning C4305: аргумент: усечение из "double" в "GLfloat"
C:\Users\user\Desktop\ДЛЯ ИГРЫ\МОЯ ИГРА\tut_Basic_Objects\main.cpp(354,59): warning C4305: аргумент: усечение из "double" в "GLfloat"
C:\Users\user\Desktop\ДЛЯ ИГРЫ\МОЯ ИГРА\tut_Basic_Objects\main.cpp(356,29): warning C4305: аргумент: усечение из "double" в "GLfloat"
C:\Users\user\Desktop\ДЛЯ ИГРЫ\МОЯ ИГРА\tut_Basic_Objects\main.cpp(356,59): warning C4305: аргумент: усечение из "double" в "GLfloat"
C:\Users\user\Desktop\ДЛЯ ИГРЫ\МОЯ ИГРА\tut_Basic_Objects\main.cpp(357,29): warning C4305: аргумент: усечение из "double" в "GLfloat"
C:\Users\user\Desktop\ДЛЯ ИГРЫ\МОЯ ИГРА\tut_Basic_Objects\main.cpp(357,59): warning C4305: аргумент: усечение из "double" в "GLfloat"
C:\Users\user\Desktop\ДЛЯ ИГРЫ\МОЯ ИГРА\tut_Basic_Objects\main.cpp(359,29): warning C4305: аргумент: усечение из "double" в "GLfloat"
C:\Users\user\Desktop\ДЛЯ ИГРЫ\МОЯ ИГРА\tut_Basic_Objects\main.cpp(359,58): warning C4305: аргумент: усечение из "double" в "GLfloat"
C:\Users\user\Desktop\ДЛЯ ИГРЫ\МОЯ ИГРА\tut_Basic_Objects\main.cpp(360,28): warning C4305: аргумент: усечение из "double" в "GLfloat"
C:\Users\user\Desktop\ДЛЯ ИГРЫ\МОЯ ИГРА\tut_Basic_Objects\main.cpp(360,58): warning C4305: аргумент: усечение из "double" в "GLfloat"
C:\Users\user\Desktop\ДЛЯ ИГРЫ\МОЯ ИГРА\tut_Basic_Objects\main.cpp(362,28): warning C4305: аргумент: усечение из "double" в "GLfloat"
C:\Users\user\Desktop\ДЛЯ ИГРЫ\МОЯ ИГРА\tut_Basic_Objects\main.cpp(362,58): warning C4305: аргумент: усечение из "double" в "GLfloat"
C:\Users\user\Desktop\ДЛЯ ИГРЫ\МОЯ ИГРА\tut_Basic_Objects\main.cpp(363,29): warning C4305: аргумент: усечение из "double" в "GLfloat"
C:\Users\user\Desktop\ДЛЯ ИГРЫ\МОЯ ИГРА\tut_Basic_Objects\main.cpp(363,58): warning C4305: аргумент: усечение из "double" в "GLfloat"
C:\Users\user\Desktop\ДЛЯ ИГРЫ\МОЯ ИГРА\tut_Basic_Objects\main.cpp(365,29): warning C4305: аргумент: усечение из "double" в "GLfloat"
C:\Users\user\Desktop\ДЛЯ ИГРЫ\МОЯ ИГРА\tut_Basic_Objects\main.cpp(365,59): warning C4305: аргумент: усечение из "double" в "GLfloat"
C:\Users\user\Desktop\ДЛЯ ИГРЫ\МОЯ ИГРА\tut_Basic_Objects\main.cpp(366,29): warning C4305: аргумент: усечение из "double" в "GLfloat"
C:\Users\user\Desktop\ДЛЯ ИГРЫ\МОЯ ИГРА\tut_Basic_Objects\main.cpp(366,59): warning C4305: аргумент: усечение из "double" в "GLfloat"
C:\Users\user\Desktop\ДЛЯ ИГРЫ\МОЯ ИГРА\tut_Basic_Objects\main.cpp(368,29): warning C4305: аргумент: усечение из "double" в "GLfloat"
C:\Users\user\Desktop\ДЛЯ ИГРЫ\МОЯ ИГРА\tut_Basic_Objects\main.cpp(368,59): warning C4305: аргумент: усечение из "double" в "GLfloat"
C:\Users\user\Desktop\ДЛЯ ИГРЫ\МОЯ ИГРА\tut_Basic_Objects\main.cpp(369,29): warning C4305: аргумент: усечение из "double" в "GLfloat"
C:\Users\user\Desktop\ДЛЯ ИГРЫ\МОЯ ИГРА\tut_Basic_Objects\main.cpp(369,59): warning C4305: аргумент: усечение из "double" в "GLfloat"
C:\Users\user\Desktop\ДЛЯ ИГРЫ\МОЯ ИГРА\tut_Basic_Objects\main.cpp(371,29): warning C4305: аргумент: усечение из "double" в "GLfloat"
C:\Users\user\Desktop\ДЛЯ ИГРЫ\МОЯ ИГРА\tut_Basic_Objects\main.cpp(371,59): warning C4305: аргумент: усечение из "double" в "GLfloat"
C:\Users\user\Desktop\ДЛЯ ИГРЫ\МОЯ ИГРА\tut_Basic_Objects\main.cpp(372,29): warning C4305: аргумент: усечение из "double" в "GLfloat"
C:\Users\user\Desktop\ДЛЯ ИГРЫ\МОЯ ИГРА\tut_Basic_Objects\main.cpp(372,59): warning C4305: аргумент: усечение из "double" в "GLfloat"
C:\Users\user\Desktop\ДЛЯ ИГРЫ\МОЯ ИГРА\tut_Basic_Objects\main.cpp(374,29): warning C4305: аргумент: усечение из "double" в "GLfloat"
C:\Users\user\Desktop\ДЛЯ ИГРЫ\МОЯ ИГРА\tut_Basic_Objects\main.cpp(374,59): warning C4305: аргумент: усечение из "double" в "GLfloat"
C:\Users\user\Desktop\ДЛЯ ИГРЫ\МОЯ ИГРА\tut_Basic_Objects\main.cpp(375,29): warning C4305: аргумент: усечение из "double" в "GLfloat"
C:\Users\user\Desktop\ДЛЯ ИГРЫ\МОЯ ИГРА\tut_Basic_Objects\main.cpp(375,58): warning C4305: аргумент: усечение из "double" в "GLfloat"
C:\Users\user\Desktop\ДЛЯ ИГРЫ\МОЯ ИГРА\tut_Basic_Objects\main.cpp(377,29): warning C4305: аргумент: усечение из "double" в "GLfloat"
C:\Users\user\Desktop\ДЛЯ ИГРЫ\МОЯ ИГРА\tut_Basic_Objects\main.cpp(377,59): warning C4305: аргумент: усечение из "double" в "GLfloat"
C:\Users\user\Desktop\ДЛЯ ИГРЫ\МОЯ ИГРА\tut_Basic_Objects\main.cpp(378,29): warning C4305: аргумент: усечение из "double" в "GLfloat"
C:\Users\user\Desktop\ДЛЯ ИГРЫ\МОЯ ИГРА\tut_Basic_Objects\main.cpp(378,59): warning C4305: аргумент: усечение из "double" в "GLfloat"
C:\Users\user\Desktop\ДЛЯ ИГРЫ\МОЯ ИГРА\tut_Basic_Objects\main.cpp(380,29): warning C4305: аргумент: усечение из "double" в "GLfloat"
C:\Users\user\Desktop\ДЛЯ ИГРЫ\МОЯ ИГРА\tut_Basic_Objects\main.cpp(380,59): warning C4305: аргумент: усечение из "double" в "GLfloat"
C:\Users\user\Desktop\ДЛЯ ИГРЫ\МОЯ ИГРА\tut_Basic_Objects\main.cpp(381,29): warning C4305: аргумент: усечение из "double" в "GLfloat"
C:\Users\user\Desktop\ДЛЯ ИГРЫ\МОЯ ИГРА\tut_Basic_Objects\main.cpp(381,59): warning C4305: аргумент: усечение из "double" в "GLfloat"
C:\Users\user\Desktop\ДЛЯ ИГРЫ\МОЯ ИГРА\tut_Basic_Objects\main.cpp(383,29): warning C4305: аргумент: усечение из "double" в "GLfloat"
C:\Users\user\Desktop\ДЛЯ ИГРЫ\МОЯ ИГРА\tut_Basic_Objects\main.cpp(383,59): warning C4305: аргумент: усечение из "double" в "GLfloat"
C:\Users\user\Desktop\ДЛЯ ИГРЫ\МОЯ ИГРА\tut_Basic_Objects\main.cpp(384,29): warning C4305: аргумент: усечение из "double" в "GLfloat"
C:\Users\user\Desktop\ДЛЯ ИГРЫ\МОЯ ИГРА\tut_Basic_Objects\main.cpp(384,59): warning C4305: аргумент: усечение из "double" в "GLfloat"
C:\Users\user\Desktop\ДЛЯ ИГРЫ\МОЯ ИГРА\tut_Basic_Objects\main.cpp(386,29): warning C4305: аргумент: усечение из "double" в "GLfloat"
C:\Users\user\Desktop\ДЛЯ ИГРЫ\МОЯ ИГРА\tut_Basic_Objects\main.cpp(386,59): warning C4305: аргумент: усечение из "double" в "GLfloat"
C:\Users\user\Desktop\ДЛЯ ИГРЫ\МОЯ ИГРА\tut_Basic_Objects\main.cpp(387,29): warning C4305: аргумент: усечение из "double" в "GLfloat"
C:\Users\user\Desktop\ДЛЯ ИГРЫ\МОЯ ИГРА\tut_Basic_Objects\main.cpp(387,59): warning C4305: аргумент: усечение из "double" в "GLfloat"
C:\Users\user\Desktop\ДЛЯ ИГРЫ\МОЯ ИГРА\tut_Basic_Objects\main.cpp(389,29): warning C4305: аргумент: усечение из "double" в "GLfloat"
C:\Users\user\Desktop\ДЛЯ ИГРЫ\МОЯ ИГРА\tut_Basic_Objects\main.cpp(389,59): warning C4305: аргумент: усечение из "double" в "GLfloat"
C:\Users\user\Desktop\ДЛЯ ИГРЫ\МОЯ ИГРА\tut_Basic_Objects\main.cpp(390,28): warning C4305: аргумент: усечение из "double" в "GLfloat"
C:\Users\user\Desktop\ДЛЯ ИГРЫ\МОЯ ИГРА\tut_Basic_Objects\main.cpp(390,58): warning C4305: аргумент: усечение из "double" в "GLfloat"
C:\Users\user\Desktop\ДЛЯ ИГРЫ\МОЯ ИГРА\tut_Basic_Objects\main.cpp(392,29): warning C4305: аргумент: усечение из "double" в "GLfloat"
C:\Users\user\Desktop\ДЛЯ ИГРЫ\МОЯ ИГРА\tut_Basic_Objects\main.cpp(392,59): warning C4305: аргумент: усечение из "double" в "GLfloat"
C:\Users\user\Desktop\ДЛЯ ИГРЫ\МОЯ ИГРА\tut_Basic_Objects\main.cpp(393,29): warning C4305: аргумент: усечение из "double" в "GLfloat"
C:\Users\user\Desktop\ДЛЯ ИГРЫ\МОЯ ИГРА\tut_Basic_Objects\main.cpp(393,58): warning C4305: аргумент: усечение из "double" в "GLfloat"
C:\Users\user\Desktop\ДЛЯ ИГРЫ\МОЯ ИГРА\tut_Basic_Objects\main.cpp(395,29): warning C4305: аргумент: усечение из "double" в "GLfloat"
C:\Users\user\Desktop\ДЛЯ ИГРЫ\МОЯ ИГРА\tut_Basic_Objects\main.cpp(395,58): warning C4305: аргумент: усечение из "double" в "GLfloat"
C:\Users\user\Desktop\ДЛЯ ИГРЫ\МОЯ ИГРА\tut_Basic_Objects\main.cpp(396,28): warning C4305: аргумент: усечение из "double" в "GLfloat"
C:\Users\user\Desktop\ДЛЯ ИГРЫ\МОЯ ИГРА\tut_Basic_Objects\main.cpp(396,57): warning C4305: аргумент: усечение из "double" в "GLfloat"
C:\Users\user\Desktop\ДЛЯ ИГРЫ\МОЯ ИГРА\tut_Basic_Objects\main.cpp(398,29): warning C4305: аргумент: усечение из "double" в "GLfloat"
C:\Users\user\Desktop\ДЛЯ ИГРЫ\МОЯ ИГРА\tut_Basic_Objects\main.cpp(398,59): warning C4305: аргумент: усечение из "double" в "GLfloat"
C:\Users\user\Desktop\ДЛЯ ИГРЫ\МОЯ ИГРА\tut_Basic_Objects\main.cpp(399,29): warning C4305: аргумент: усечение из "double" в "GLfloat"
C:\Users\user\Desktop\ДЛЯ ИГРЫ\МОЯ ИГРА\tut_Basic_Objects\main.cpp(399,59): warning C4305: аргумент: усечение из "double" в "GLfloat"
C:\Users\user\Desktop\ДЛЯ ИГРЫ\МОЯ ИГРА\tut_Basic_Objects\main.cpp(401,29): warning C4305: аргумент: усечение из "double" в "GLfloat"
C:\Users\user\Desktop\ДЛЯ ИГРЫ\МОЯ ИГРА\tut_Basic_Objects\main.cpp(401,59): warning C4305: аргумент: усечение из "double" в "GLfloat"
C:\Users\user\Desktop\ДЛЯ ИГРЫ\МОЯ ИГРА\tut_Basic_Objects\main.cpp(402,29): warning C4305: аргумент: усечение из "double" в "GLfloat"
C:\Users\user\Desktop\ДЛЯ ИГРЫ\МОЯ ИГРА\tut_Basic_Objects\main.cpp(402,59): warning C4305: аргумент: усечение из "double" в "GLfloat"
C:\Users\user\Desktop\ДЛЯ ИГРЫ\МОЯ ИГРА\tut_Basic_Objects\main.cpp(404,29): warning C4305: аргумент: усечение из "double" в "GLfloat"
C:\Users\user\Desktop\ДЛЯ ИГРЫ\МОЯ ИГРА\tut_Basic_Objects\main.cpp(404,59): warning C4305: аргумент: усечение из "double" в "GLfloat"
C:\Users\user\Desktop\ДЛЯ ИГРЫ\МОЯ ИГРА\tut_Basic_Objects\main.cpp(405,21): warning C4305: аргумент: усечение из "double" в "GLfloat"
C:\Users\user\Desktop\ДЛЯ ИГРЫ\МОЯ ИГРА\tut_Basic_Objects\main.cpp(405,44): warning C4305: аргумент: усечение из "double" в "GLfloat"
C:\Users\user\Desktop\ДЛЯ ИГРЫ\МОЯ ИГРА\tut_Basic_Objects\main.cpp(422,30): warning C4305: аргумент: усечение из "double" в "GLfloat"
C:\Users\user\Desktop\ДЛЯ ИГРЫ\МОЯ ИГРА\tut_Basic_Objects\main.cpp(422,61): warning C4305: аргумент: усечение из "double" в "GLfloat"
C:\Users\user\Desktop\ДЛЯ ИГРЫ\МОЯ ИГРА\tut_Basic_Objects\main.cpp(423,30): warning C4305: аргумент: усечение из "double" в "GLfloat"
C:\Users\user\Desktop\ДЛЯ ИГРЫ\МОЯ ИГРА\tut_Basic_Objects\main.cpp(423,61): warning C4305: аргумент: усечение из "double" в "GLfloat"
C:\Users\user\Desktop\ДЛЯ ИГРЫ\МОЯ ИГРА\tut_Basic_Objects\main.cpp(425,30): warning C4305: аргумент: усечение из "double" в "GLfloat"
C:\Users\user\Desktop\ДЛЯ ИГРЫ\МОЯ ИГРА\tut_Basic_Objects\main.cpp(425,61): warning C4305: аргумент: усечение из "double" в "GLfloat"
C:\Users\user\Desktop\ДЛЯ ИГРЫ\МОЯ ИГРА\tut_Basic_Objects\main.cpp(426,30): warning C4305: аргумент: усечение из "double" в "GLfloat"
C:\Users\user\Desktop\ДЛЯ ИГРЫ\МОЯ ИГРА\tut_Basic_Objects\main.cpp(426,61): warning C4305: аргумент: усечение из "double" в "GLfloat"
C:\Users\user\Desktop\ДЛЯ ИГРЫ\МОЯ ИГРА\tut_Basic_Objects\main.cpp(429,30): warning C4305: аргумент: усечение из "double" в "GLfloat"
C:\Users\user\Desktop\ДЛЯ ИГРЫ\МОЯ ИГРА\tut_Basic_Objects\main.cpp(429,61): warning C4305: аргумент: усечение из "double" в "GLfloat"
C:\Users\user\Desktop\ДЛЯ ИГРЫ\МОЯ ИГРА\tut_Basic_Objects\main.cpp(430,29): warning C4305: аргумент: усечение из "double" в "GLfloat"
C:\Users\user\Desktop\ДЛЯ ИГРЫ\МОЯ ИГРА\tut_Basic_Objects\main.cpp(430,60): warning C4305: аргумент: усечение из "double" в "GLfloat"
C:\Users\user\Desktop\ДЛЯ ИГРЫ\МОЯ ИГРА\tut_Basic_Objects\main.cpp(432,29): warning C4305: аргумент: усечение из "double" в "GLfloat"
C:\Users\user\Desktop\ДЛЯ ИГРЫ\МОЯ ИГРА\tut_Basic_Objects\main.cpp(432,60): warning C4305: аргумент: усечение из "double" в "GLfloat"
C:\Users\user\Desktop\ДЛЯ ИГРЫ\МОЯ ИГРА\tut_Basic_Objects\main.cpp(433,30): warning C4305: аргумент: усечение из "double" в "GLfloat"
C:\Users\user\Desktop\ДЛЯ ИГРЫ\МОЯ ИГРА\tut_Basic_Objects\main.cpp(433,61): warning C4305: аргумент: усечение из "double" в "GLfloat"
C:\Users\user\Desktop\ДЛЯ ИГРЫ\МОЯ ИГРА\tut_Basic_Objects\main.cpp(435,30): warning C4305: аргумент: усечение из "double" в "GLfloat"
C:\Users\user\Desktop\ДЛЯ ИГРЫ\МОЯ ИГРА\tut_Basic_Objects\main.cpp(435,61): warning C4305: аргумент: усечение из "double" в "GLfloat"
C:\Users\user\Desktop\ДЛЯ ИГРЫ\МОЯ ИГРА\tut_Basic_Objects\main.cpp(436,30): warning C4305: аргумент: усечение из "double" в "GLfloat"
C:\Users\user\Desktop\ДЛЯ ИГРЫ\МОЯ ИГРА\tut_Basic_Objects\main.cpp(436,61): warning C4305: аргумент: усечение из "double" в "GLfloat"
C:\Users\user\Desktop\ДЛЯ ИГРЫ\МОЯ ИГРА\tut_Basic_Objects\main.cpp(438,30): warning C4305: аргумент: усечение из "double" в "GLfloat"
C:\Users\user\Desktop\ДЛЯ ИГРЫ\МОЯ ИГРА\tut_Basic_Objects\main.cpp(438,61): warning C4305: аргумент: усечение из "double" в "GLfloat"
C:\Users\user\Desktop\ДЛЯ ИГРЫ\МОЯ ИГРА\tut_Basic_Objects\main.cpp(439,29): warning C4305: аргумент: усечение из "double" в "GLfloat"
C:\Users\user\Desktop\ДЛЯ ИГРЫ\МОЯ ИГРА\tut_Basic_Objects\main.cpp(439,60): warning C4305: аргумент: усечение из "double" в "GLfloat"
C:\Users\user\Desktop\ДЛЯ ИГРЫ\МОЯ ИГРА\tut_Basic_Objects\main.cpp(441,30): warning C4305: аргумент: усечение из "double" в "GLfloat"
C:\Users\user\Desktop\ДЛЯ ИГРЫ\МОЯ ИГРА\tut_Basic_Objects\main.cpp(441,60): warning C4305: аргумент: усечение из "double" в "GLfloat"
C:\Users\user\Desktop\ДЛЯ ИГРЫ\МОЯ ИГРА\tut_Basic_Objects\main.cpp(442,30): warning C4305: аргумент: усечение из "double" в "GLfloat"
C:\Users\user\Desktop\ДЛЯ ИГРЫ\МОЯ ИГРА\tut_Basic_Objects\main.cpp(442,61): warning C4305: аргумент: усечение из "double" в "GLfloat"
C:\Users\user\Desktop\ДЛЯ ИГРЫ\МОЯ ИГРА\tut_Basic_Objects\main.cpp(444,30): warning C4305: аргумент: усечение из "double" в "GLfloat"
C:\Users\user\Desktop\ДЛЯ ИГРЫ\МОЯ ИГРА\tut_Basic_Objects\main.cpp(444,60): warning C4305: аргумент: усечение из "double" в "GLfloat"
C:\Users\user\Desktop\ДЛЯ ИГРЫ\МОЯ ИГРА\tut_Basic_Objects\main.cpp(445,29): warning C4305: аргумент: усечение из "double" в "GLfloat"
C:\Users\user\Desktop\ДЛЯ ИГРЫ\МОЯ ИГРА\tut_Basic_Objects\main.cpp(445,59): warning C4305: аргумент: усечение из "double" в "GLfloat"
C:\Users\user\Desktop\ДЛЯ ИГРЫ\МОЯ ИГРА\tut_Basic_Objects\main.cpp(447,30): warning C4305: аргумент: усечение из "double" в "GLfloat"
C:\Users\user\Desktop\ДЛЯ ИГРЫ\МОЯ ИГРА\tut_Basic_Objects\main.cpp(447,61): warning C4305: аргумент: усечение из "double" в "GLfloat"
C:\Users\user\Desktop\ДЛЯ ИГРЫ\МОЯ ИГРА\tut_Basic_Objects\main.cpp(448,29): warning C4305: аргумент: усечение из "double" в "GLfloat"
C:\Users\user\Desktop\ДЛЯ ИГРЫ\МОЯ ИГРА\tut_Basic_Objects\main.cpp(448,60): warning C4305: аргумент: усечение из "double" в "GLfloat"
C:\Users\user\Desktop\ДЛЯ ИГРЫ\МОЯ ИГРА\tut_Basic_Objects\main.cpp(450,30): warning C4305: аргумент: усечение из "double" в "GLfloat"
C:\Users\user\Desktop\ДЛЯ ИГРЫ\МОЯ ИГРА\tut_Basic_Objects\main.cpp(450,61): warning C4305: аргумент: усечение из "double" в "GLfloat"
C:\Users\user\Desktop\ДЛЯ ИГРЫ\МОЯ ИГРА\tut_Basic_Objects\main.cpp(451,30): warning C4305: аргумент: усечение из "double" в "GLfloat"
C:\Users\user\Desktop\ДЛЯ ИГРЫ\МОЯ ИГРА\tut_Basic_Objects\main.cpp(451,61): warning C4305: аргумент: усечение из "double" в "GLfloat"
C:\Users\user\Desktop\ДЛЯ ИГРЫ\МОЯ ИГРА\tut_Basic_Objects\main.cpp(453,30): warning C4305: аргумент: усечение из "double" в "GLfloat"
C:\Users\user\Desktop\ДЛЯ ИГРЫ\МОЯ ИГРА\tut_Basic_Objects\main.cpp(453,61): warning C4305: аргумент: усечение из "double" в "GLfloat"
C:\Users\user\Desktop\ДЛЯ ИГРЫ\МОЯ ИГРА\tut_Basic_Objects\main.cpp(454,29): warning C4305: аргумент: усечение из "double" в "GLfloat"
C:\Users\user\Desktop\ДЛЯ ИГРЫ\МОЯ ИГРА\tut_Basic_Objects\main.cpp(454,59): warning C4305: аргумент: усечение из "double" в "GLfloat"
C:\Users\user\Desktop\ДЛЯ ИГРЫ\МОЯ ИГРА\tut_Basic_Objects\main.cpp(456,30): warning C4305: аргумент: усечение из "double" в "GLfloat"
C:\Users\user\Desktop\ДЛЯ ИГРЫ\МОЯ ИГРА\tut_Basic_Objects\main.cpp(456,61): warning C4305: аргумент: усечение из "double" в "GLfloat"
C:\Users\user\Desktop\ДЛЯ ИГРЫ\МОЯ ИГРА\tut_Basic_Objects\main.cpp(457,30): warning C4305: аргумент: усечение из "double" в "GLfloat"
C:\Users\user\Desktop\ДЛЯ ИГРЫ\МОЯ ИГРА\tut_Basic_Objects\main.cpp(457,61): warning C4305: аргумент: усечение из "double" в "GLfloat"
C:\Users\user\Desktop\ДЛЯ ИГРЫ\МОЯ ИГРА\tut_Basic_Objects\main.cpp(459,30): warning C4305: аргумент: усечение из "double" в "GLfloat"
C:\Users\user\Desktop\ДЛЯ ИГРЫ\МОЯ ИГРА\tut_Basic_Objects\main.cpp(459,61): warning C4305: аргумент: усечение из "double" в "GLfloat"
C:\Users\user\Desktop\ДЛЯ ИГРЫ\МОЯ ИГРА\tut_Basic_Objects\main.cpp(460,30): warning C4305: аргумент: усечение из "double" в "GLfloat"
C:\Users\user\Desktop\ДЛЯ ИГРЫ\МОЯ ИГРА\tut_Basic_Objects\main.cpp(460,61): warning C4305: аргумент: усечение из "double" в "GLfloat"
C:\Users\user\Desktop\ДЛЯ ИГРЫ\МОЯ ИГРА\tut_Basic_Objects\main.cpp(462,30): warning C4305: аргумент: усечение из "double" в "GLfloat"
C:\Users\user\Desktop\ДЛЯ ИГРЫ\МОЯ ИГРА\tut_Basic_Objects\main.cpp(462,82): warning C4305: аргумент: усечение из "double" в "GLfloat"
C:\Users\user\Desktop\ДЛЯ ИГРЫ\МОЯ ИГРА\tut_Basic_Objects\main.cpp(463,30): warning C4305: аргумент: усечение из "double" в "GLfloat"
C:\Users\user\Desktop\ДЛЯ ИГРЫ\МОЯ ИГРА\tut_Basic_Objects\main.cpp(463,61): warning C4305: аргумент: усечение из "double" в "GLfloat"
C:\Users\user\Desktop\ДЛЯ ИГРЫ\МОЯ ИГРА\tut_Basic_Objects\main.cpp(465,24): warning C4305: аргумент: усечение из "double" в "GLfloat"
C:\Users\user\Desktop\ДЛЯ ИГРЫ\МОЯ ИГРА\tut_Basic_Objects\main.cpp(465,55): warning C4305: аргумент: усечение из "double" в "GLfloat"
C:\Users\user\Desktop\ДЛЯ ИГРЫ\МОЯ ИГРА\tut_Basic_Objects\main.cpp(466,30): warning C4305: аргумент: усечение из "double" в "GLfloat"
C:\Users\user\Desktop\ДЛЯ ИГРЫ\МОЯ ИГРА\tut_Basic_Objects\main.cpp(466,61): warning C4305: аргумент: усечение из "double" в "GLfloat"
C:\Users\user\Desktop\ДЛЯ ИГРЫ\МОЯ ИГРА\tut_Basic_Objects\main.cpp(468,30): warning C4305: аргумент: усечение из "double" в "GLfloat"
C:\Users\user\Desktop\ДЛЯ ИГРЫ\МОЯ ИГРА\tut_Basic_Objects\main.cpp(468,62): warning C4305: аргумент: усечение из "double" в "GLfloat"
C:\Users\user\Desktop\ДЛЯ ИГРЫ\МОЯ ИГРА\tut_Basic_Objects\main.cpp(469,30): warning C4305: аргумент: усечение из "double" в "GLfloat"
C:\Users\user\Desktop\ДЛЯ ИГРЫ\МОЯ ИГРА\tut_Basic_Objects\main.cpp(469,54): warning C4305: аргумент: усечение из "double" в "GLfloat"
C:\Users\user\Desktop\ДЛЯ ИГРЫ\МОЯ ИГРА\tut_Basic_Objects\main.cpp(471,30): warning C4305: аргумент: усечение из "double" в "GLfloat"
C:\Users\user\Desktop\ДЛЯ ИГРЫ\МОЯ ИГРА\tut_Basic_Objects\main.cpp(471,61): warning C4305: аргумент: усечение из "double" в "GLfloat"
C:\Users\user\Desktop\ДЛЯ ИГРЫ\МОЯ ИГРА\tut_Basic_Objects\main.cpp(472,29): warning C4305: аргумент: усечение из "double" в "GLfloat"
C:\Users\user\Desktop\ДЛЯ ИГРЫ\МОЯ ИГРА\tut_Basic_Objects\main.cpp(472,60): warning C4305: аргумент: усечение из "double" в "GLfloat"
C:\Users\user\Desktop\ДЛЯ ИГРЫ\МОЯ ИГРА\tut_Basic_Objects\main.cpp(474,30): warning C4305: аргумент: усечение из "double" в "GLfloat"
C:\Users\user\Desktop\ДЛЯ ИГРЫ\МОЯ ИГРА\tut_Basic_Objects\main.cpp(474,61): warning C4305: аргумент: усечение из "double" в "GLfloat"
C:\Users\user\Desktop\ДЛЯ ИГРЫ\МОЯ ИГРА\tut_Basic_Objects\main.cpp(475,30): warning C4305: аргумент: усечение из "double" в "GLfloat"
C:\Users\user\Desktop\ДЛЯ ИГРЫ\МОЯ ИГРА\tut_Basic_Objects\main.cpp(475,61): warning C4305: аргумент: усечение из "double" в "GLfloat"
C:\Users\user\Desktop\ДЛЯ ИГРЫ\МОЯ ИГРА\tut_Basic_Objects\main.cpp(477,30): warning C4305: аргумент: усечение из "double" в "GLfloat"
C:\Users\user\Desktop\ДЛЯ ИГРЫ\МОЯ ИГРА\tut_Basic_Objects\main.cpp(477,61): warning C4305: аргумент: усечение из "double" в "GLfloat"
C:\Users\user\Desktop\ДЛЯ ИГРЫ\МОЯ ИГРА\tut_Basic_Objects\main.cpp(478,30): warning C4305: аргумент: усечение из "double" в "GLfloat"
C:\Users\user\Desktop\ДЛЯ ИГРЫ\МОЯ ИГРА\tut_Basic_Objects\main.cpp(478,61): warning C4305: аргумент: усечение из "double" в "GLfloat"
C:\Users\user\Desktop\ДЛЯ ИГРЫ\МОЯ ИГРА\tut_Basic_Objects\main.cpp(480,30): warning C4305: аргумент: усечение из "double" в "GLfloat"
C:\Users\user\Desktop\ДЛЯ ИГРЫ\МОЯ ИГРА\tut_Basic_Objects\main.cpp(480,61): warning C4305: аргумент: усечение из "double" в "GLfloat"
C:\Users\user\Desktop\ДЛЯ ИГРЫ\МОЯ ИГРА\tut_Basic_Objects\main.cpp(481,30): warning C4305: аргумент: усечение из "double" в "GLfloat"
C:\Users\user\Desktop\ДЛЯ ИГРЫ\МОЯ ИГРА\tut_Basic_Objects\main.cpp(481,61): warning C4305: аргумент: усечение из "double" в "GLfloat"
C:\Users\user\Desktop\ДЛЯ ИГРЫ\МОЯ ИГРА\tut_Basic_Objects\main.cpp(483,30): warning C4305: аргумент: усечение из "double" в "GLfloat"
C:\Users\user\Desktop\ДЛЯ ИГРЫ\МОЯ ИГРА\tut_Basic_Objects\main.cpp(483,61): warning C4305: аргумент: усечение из "double" в "GLfloat"
C:\Users\user\Desktop\ДЛЯ ИГРЫ\МОЯ ИГРА\tut_Basic_Objects\main.cpp(484,29): warning C4305: аргумент: усечение из "double" в "GLfloat"
C:\Users\user\Desktop\ДЛЯ ИГРЫ\МОЯ ИГРА\tut_Basic_Objects\main.cpp(484,60): warning C4305: аргумент: усечение из "double" в "GLfloat"
C:\Users\user\Desktop\ДЛЯ ИГРЫ\МОЯ ИГРА\tut_Basic_Objects\main.cpp(486,30): warning C4305: аргумент: усечение из "double" в "GLfloat"
C:\Users\user\Desktop\ДЛЯ ИГРЫ\МОЯ ИГРА\tut_Basic_Objects\main.cpp(486,55): warning C4305: аргумент: усечение из "double" в "GLfloat"
C:\Users\user\Desktop\ДЛЯ ИГРЫ\МОЯ ИГРА\tut_Basic_Objects\main.cpp(487,30): warning C4305: аргумент: усечение из "double" в "GLfloat"
C:\Users\user\Desktop\ДЛЯ ИГРЫ\МОЯ ИГРА\tut_Basic_Objects\main.cpp(487,61): warning C4305: аргумент: усечение из "double" в "GLfloat"
C:\Users\user\Desktop\ДЛЯ ИГРЫ\МОЯ ИГРА\tut_Basic_Objects\main.cpp(489,24): warning C4305: аргумент: усечение из "double" в "GLfloat"
C:\Users\user\Desktop\ДЛЯ ИГРЫ\МОЯ ИГРА\tut_Basic_Objects\main.cpp(489,55): warning C4305: аргумент: усечение из "double" в "GLfloat"
C:\Users\user\Desktop\ДЛЯ ИГРЫ\МОЯ ИГРА\tut_Basic_Objects\main.cpp(490,30): warning C4305: аргумент: усечение из "double" в "GLfloat"
C:\Users\user\Desktop\ДЛЯ ИГРЫ\МОЯ ИГРА\tut_Basic_Objects\main.cpp(490,61): warning C4305: аргумент: усечение из "double" в "GLfloat"
C:\Users\user\Desktop\ДЛЯ ИГРЫ\МОЯ ИГРА\tut_Basic_Objects\main.cpp(492,30): warning C4305: аргумент: усечение из "double" в "GLfloat"
C:\Users\user\Desktop\ДЛЯ ИГРЫ\МОЯ ИГРА\tut_Basic_Objects\main.cpp(492,84): warning C4305: аргумент: усечение из "double" в "GLfloat"
C:\Users\user\Desktop\ДЛЯ ИГРЫ\МОЯ ИГРА\tut_Basic_Objects\main.cpp(493,51): warning C4305: аргумент: усечение из "double" в "GLfloat"
C:\Users\user\Desktop\ДЛЯ ИГРЫ\МОЯ ИГРА\tut_Basic_Objects\main.cpp(493,105): warning C4305: аргумент: усечение из "double" в "GLfloat"
C:\Users\user\Desktop\ДЛЯ ИГРЫ\МОЯ ИГРА\tut_Basic_Objects\main.cpp(495,30): warning C4305: аргумент: усечение из "double" в "GLfloat"
C:\Users\user\Desktop\ДЛЯ ИГРЫ\МОЯ ИГРА\tut_Basic_Objects\main.cpp(495,61): warning C4305: аргумент: усечение из "double" в "GLfloat"
C:\Users\user\Desktop\ДЛЯ ИГРЫ\МОЯ ИГРА\tut_Basic_Objects\main.cpp(496,30): warning C4305: аргумент: усечение из "double" в "GLfloat"
C:\Users\user\Desktop\ДЛЯ ИГРЫ\МОЯ ИГРА\tut_Basic_Objects\main.cpp(496,61): warning C4305: аргумент: усечение из "double" в "GLfloat"
C:\Users\user\Desktop\ДЛЯ ИГРЫ\МОЯ ИГРА\tut_Basic_Objects\main.cpp(509,30): warning C4305: аргумент: усечение из "double" в "GLfloat"
C:\Users\user\Desktop\ДЛЯ ИГРЫ\МОЯ ИГРА\tut_Basic_Objects\main.cpp(509,61): warning C4305: аргумент: усечение из "double" в "GLfloat"
C:\Users\user\Desktop\ДЛЯ ИГРЫ\МОЯ ИГРА\tut_Basic_Objects\main.cpp(510,31): warning C4305: аргумент: усечение из "double" в "GLfloat"
C:\Users\user\Desktop\ДЛЯ ИГРЫ\МОЯ ИГРА\tut_Basic_Objects\main.cpp(510,63): warning C4305: аргумент: усечение из "double" в "GLfloat"
C:\Users\user\Desktop\ДЛЯ ИГРЫ\МОЯ ИГРА\tut_Basic_Objects\main.cpp(512,30): warning C4305: аргумент: усечение из "double" в "GLfloat"
C:\Users\user\Desktop\ДЛЯ ИГРЫ\МОЯ ИГРА\tut_Basic_Objects\main.cpp(512,61): warning C4305: аргумент: усечение из "double" в "GLfloat"
C:\Users\user\Desktop\ДЛЯ ИГРЫ\МОЯ ИГРА\tut_Basic_Objects\main.cpp(513,31): warning C4305: аргумент: усечение из "double" в "GLfloat"
C:\Users\user\Desktop\ДЛЯ ИГРЫ\МОЯ ИГРА\tut_Basic_Objects\main.cpp(513,63): warning C4305: аргумент: усечение из "double" в "GLfloat"
C:\Users\user\Desktop\ДЛЯ ИГРЫ\МОЯ ИГРА\tut_Basic_Objects\main.cpp(515,30): warning C4305: аргумент: усечение из "double" в "GLfloat"
C:\Users\user\Desktop\ДЛЯ ИГРЫ\МОЯ ИГРА\tut_Basic_Objects\main.cpp(515,61): warning C4305: аргумент: усечение из "double" в "GLfloat"
C:\Users\user\Desktop\ДЛЯ ИГРЫ\МОЯ ИГРА\tut_Basic_Objects\main.cpp(516,31): warning C4305: аргумент: усечение из "double" в "GLfloat"
C:\Users\user\Desktop\ДЛЯ ИГРЫ\МОЯ ИГРА\tut_Basic_Objects\main.cpp(516,63): warning C4305: аргумент: усечение из "double" в "GLfloat"
C:\Users\user\Desktop\ДЛЯ ИГРЫ\МОЯ ИГРА\tut_Basic_Objects\main.cpp(518,30): warning C4305: аргумент: усечение из "double" в "GLfloat"
C:\Users\user\Desktop\ДЛЯ ИГРЫ\МОЯ ИГРА\tut_Basic_Objects\main.cpp(518,61): warning C4305: аргумент: усечение из "double" в "GLfloat"
C:\Users\user\Desktop\ДЛЯ ИГРЫ\МОЯ ИГРА\tut_Basic_Objects\main.cpp(519,31): warning C4305: аргумент: усечение из "double" в "GLfloat"
C:\Users\user\Desktop\ДЛЯ ИГРЫ\МОЯ ИГРА\tut_Basic_Objects\main.cpp(519,63): warning C4305: аргумент: усечение из "double" в "GLfloat"
C:\Users\user\Desktop\ДЛЯ ИГРЫ\МОЯ ИГРА\tut_Basic_Objects\main.cpp(522,30): warning C4305: аргумент: усечение из "double" в "GLfloat"
C:\Users\user\Desktop\ДЛЯ ИГРЫ\МОЯ ИГРА\tut_Basic_Objects\main.cpp(522,61): warning C4305: аргумент: усечение из "double" в "GLfloat"
C:\Users\user\Desktop\ДЛЯ ИГРЫ\МОЯ ИГРА\tut_Basic_Objects\main.cpp(523,31): warning C4305: аргумент: усечение из "double" в "GLfloat"
C:\Users\user\Desktop\ДЛЯ ИГРЫ\МОЯ ИГРА\tut_Basic_Objects\main.cpp(523,63): warning C4305: аргумент: усечение из "double" в "GLfloat"
C:\Users\user\Desktop\ДЛЯ ИГРЫ\МОЯ ИГРА\tut_Basic_Objects\main.cpp(525,30): warning C4305: аргумент: усечение из "double" в "GLfloat"
C:\Users\user\Desktop\ДЛЯ ИГРЫ\МОЯ ИГРА\tut_Basic_Objects\main.cpp(525,61): warning C4305: аргумент: усечение из "double" в "GLfloat"
C:\Users\user\Desktop\ДЛЯ ИГРЫ\МОЯ ИГРА\tut_Basic_Objects\main.cpp(526,31): warning C4305: аргумент: усечение из "double" в "GLfloat"
C:\Users\user\Desktop\ДЛЯ ИГРЫ\МОЯ ИГРА\tut_Basic_Objects\main.cpp(526,63): warning C4305: аргумент: усечение из "double" в "GLfloat"
C:\Users\user\Desktop\ДЛЯ ИГРЫ\МОЯ ИГРА\tut_Basic_Objects\main.cpp(530,30): warning C4305: аргумент: усечение из "double" в "GLfloat"
C:\Users\user\Desktop\ДЛЯ ИГРЫ\МОЯ ИГРА\tut_Basic_Objects\main.cpp(530,61): warning C4305: аргумент: усечение из "double" в "GLfloat"
C:\Users\user\Desktop\ДЛЯ ИГРЫ\МОЯ ИГРА\tut_Basic_Objects\main.cpp(531,31): warning C4305: аргумент: усечение из "double" в "GLfloat"
C:\Users\user\Desktop\ДЛЯ ИГРЫ\МОЯ ИГРА\tut_Basic_Objects\main.cpp(531,63): warning C4305: аргумент: усечение из "double" в "GLfloat"
C:\Users\user\Desktop\ДЛЯ ИГРЫ\МОЯ ИГРА\tut_Basic_Objects\main.cpp(533,30): warning C4305: аргумент: усечение из "double" в "GLfloat"
C:\Users\user\Desktop\ДЛЯ ИГРЫ\МОЯ ИГРА\tut_Basic_Objects\main.cpp(533,61): warning C4305: аргумент: усечение из "double" в "GLfloat"
C:\Users\user\Desktop\ДЛЯ ИГРЫ\МОЯ ИГРА\tut_Basic_Objects\main.cpp(534,31): warning C4305: аргумент: усечение из "double" в "GLfloat"
C:\Users\user\Desktop\ДЛЯ ИГРЫ\МОЯ ИГРА\tut_Basic_Objects\main.cpp(534,63): warning C4305: аргумент: усечение из "double" в "GLfloat"
C:\Users\user\Desktop\ДЛЯ ИГРЫ\МОЯ ИГРА\tut_Basic_Objects\main.cpp(536,30): warning C4305: аргумент: усечение из "double" в "GLfloat"
C:\Users\user\Desktop\ДЛЯ ИГРЫ\МОЯ ИГРА\tut_Basic_Objects\main.cpp(536,61): warning C4305: аргумент: усечение из "double" в "GLfloat"
C:\Users\user\Desktop\ДЛЯ ИГРЫ\МОЯ ИГРА\tut_Basic_Objects\main.cpp(537,31): warning C4305: аргумент: усечение из "double" в "GLfloat"
C:\Users\user\Desktop\ДЛЯ ИГРЫ\МОЯ ИГРА\tut_Basic_Objects\main.cpp(537,63): warning C4305: аргумент: усечение из "double" в "GLfloat"
C:\Users\user\Desktop\ДЛЯ ИГРЫ\МОЯ ИГРА\tut_Basic_Objects\main.cpp(539,30): warning C4305: аргумент: усечение из "double" в "GLfloat"
C:\Users\user\Desktop\ДЛЯ ИГРЫ\МОЯ ИГРА\tut_Basic_Objects\main.cpp(539,61): warning C4305: аргумент: усечение из "double" в "GLfloat"
C:\Users\user\Desktop\ДЛЯ ИГРЫ\МОЯ ИГРА\tut_Basic_Objects\main.cpp(540,31): warning C4305: аргумент: усечение из "double" в "GLfloat"
C:\Users\user\Desktop\ДЛЯ ИГРЫ\МОЯ ИГРА\tut_Basic_Objects\main.cpp(540,63): warning C4305: аргумент: усечение из "double" в "GLfloat"
C:\Users\user\Desktop\ДЛЯ ИГРЫ\МОЯ ИГРА\tut_Basic_Objects\main.cpp(543,30): warning C4305: аргумент: усечение из "double" в "GLfloat"
C:\Users\user\Desktop\ДЛЯ ИГРЫ\МОЯ ИГРА\tut_Basic_Objects\main.cpp(543,61): warning C4305: аргумент: усечение из "double" в "GLfloat"
C:\Users\user\Desktop\ДЛЯ ИГРЫ\МОЯ ИГРА\tut_Basic_Objects\main.cpp(544,31): warning C4305: аргумент: усечение из "double" в "GLfloat"
C:\Users\user\Desktop\ДЛЯ ИГРЫ\МОЯ ИГРА\tut_Basic_Objects\main.cpp(544,63): warning C4305: аргумент: усечение из "double" в "GLfloat"
C:\Users\user\Desktop\ДЛЯ ИГРЫ\МОЯ ИГРА\tut_Basic_Objects\main.cpp(546,30): warning C4305: аргумент: усечение из "double" в "GLfloat"
C:\Users\user\Desktop\ДЛЯ ИГРЫ\МОЯ ИГРА\tut_Basic_Objects\main.cpp(546,61): warning C4305: аргумент: усечение из "double" в "GLfloat"
C:\Users\user\Desktop\ДЛЯ ИГРЫ\МОЯ ИГРА\tut_Basic_Objects\main.cpp(547,31): warning C4305: аргумент: усечение из "double" в "GLfloat"
C:\Users\user\Desktop\ДЛЯ ИГРЫ\МОЯ ИГРА\tut_Basic_Objects\main.cpp(547,63): warning C4305: аргумент: усечение из "double" в "GLfloat"
C:\Users\user\Desktop\ДЛЯ ИГРЫ\МОЯ ИГРА\tut_Basic_Objects\main.cpp(551,30): warning C4305: аргумент: усечение из "double" в "GLfloat"
C:\Users\user\Desktop\ДЛЯ ИГРЫ\МОЯ ИГРА\tut_Basic_Objects\main.cpp(551,61): warning C4305: аргумент: усечение из "double" в "GLfloat"
C:\Users\user\Desktop\ДЛЯ ИГРЫ\МОЯ ИГРА\tut_Basic_Objects\main.cpp(552,31): warning C4305: аргумент: усечение из "double" в "GLfloat"
C:\Users\user\Desktop\ДЛЯ ИГРЫ\МОЯ ИГРА\tut_Basic_Objects\main.cpp(552,63): warning C4305: аргумент: усечение из "double" в "GLfloat"
C:\Users\user\Desktop\ДЛЯ ИГРЫ\МОЯ ИГРА\tut_Basic_Objects\main.cpp(554,30): warning C4305: аргумент: усечение из "double" в "GLfloat"
C:\Users\user\Desktop\ДЛЯ ИГРЫ\МОЯ ИГРА\tut_Basic_Objects\main.cpp(554,62): warning C4305: аргумент: усечение из "double" в "GLfloat"
C:\Users\user\Desktop\ДЛЯ ИГРЫ\МОЯ ИГРА\tut_Basic_Objects\main.cpp(555,31): warning C4305: аргумент: усечение из "double" в "GLfloat"
C:\Users\user\Desktop\ДЛЯ ИГРЫ\МОЯ ИГРА\tut_Basic_Objects\main.cpp(555,63): warning C4305: аргумент: усечение из "double" в "GLfloat"
C:\Users\user\Desktop\ДЛЯ ИГРЫ\МОЯ ИГРА\tut_Basic_Objects\main.cpp(558,30): warning C4305: аргумент: усечение из "double" в "GLfloat"
C:\Users\user\Desktop\ДЛЯ ИГРЫ\МОЯ ИГРА\tut_Basic_Objects\main.cpp(558,61): warning C4305: аргумент: усечение из "double" в "GLfloat"
C:\Users\user\Desktop\ДЛЯ ИГРЫ\МОЯ ИГРА\tut_Basic_Objects\main.cpp(559,31): warning C4305: аргумент: усечение из "double" в "GLfloat"
C:\Users\user\Desktop\ДЛЯ ИГРЫ\МОЯ ИГРА\tut_Basic_Objects\main.cpp(559,63): warning C4305: аргумент: усечение из "double" в "GLfloat"
C:\Users\user\Desktop\ДЛЯ ИГРЫ\МОЯ ИГРА\tut_Basic_Objects\main.cpp(561,31): warning C4305: аргумент: усечение из "double" в "GLfloat"
C:\Users\user\Desktop\ДЛЯ ИГРЫ\МОЯ ИГРА\tut_Basic_Objects\main.cpp(561,62): warning C4305: аргумент: усечение из "double" в "GLfloat"
C:\Users\user\Desktop\ДЛЯ ИГРЫ\МОЯ ИГРА\tut_Basic_Objects\main.cpp(562,31): warning C4305: аргумент: усечение из "double" в "GLfloat"
C:\Users\user\Desktop\ДЛЯ ИГРЫ\МОЯ ИГРА\tut_Basic_Objects\main.cpp(562,63): warning C4305: аргумент: усечение из "double" в "GLfloat"
C:\Users\user\Desktop\ДЛЯ ИГРЫ\МОЯ ИГРА\tut_Basic_Objects\main.cpp(566,30): warning C4305: аргумент: усечение из "double" в "GLfloat"
C:\Users\user\Desktop\ДЛЯ ИГРЫ\МОЯ ИГРА\tut_Basic_Objects\main.cpp(566,61): warning C4305: аргумент: усечение из "double" в "GLfloat"
C:\Users\user\Desktop\ДЛЯ ИГРЫ\МОЯ ИГРА\tut_Basic_Objects\main.cpp(567,31): warning C4305: аргумент: усечение из "double" в "GLfloat"
C:\Users\user\Desktop\ДЛЯ ИГРЫ\МОЯ ИГРА\tut_Basic_Objects\main.cpp(567,63): warning C4305: аргумент: усечение из "double" в "GLfloat"
C:\Users\user\Desktop\ДЛЯ ИГРЫ\МОЯ ИГРА\tut_Basic_Objects\main.cpp(569,30): warning C4305: аргумент: усечение из "double" в "GLfloat"
C:\Users\user\Desktop\ДЛЯ ИГРЫ\МОЯ ИГРА\tut_Basic_Objects\main.cpp(569,62): warning C4305: аргумент: усечение из "double" в "GLfloat"
C:\Users\user\Desktop\ДЛЯ ИГРЫ\МОЯ ИГРА\tut_Basic_Objects\main.cpp(570,31): warning C4305: аргумент: усечение из "double" в "GLfloat"
C:\Users\user\Desktop\ДЛЯ ИГРЫ\МОЯ ИГРА\tut_Basic_Objects\main.cpp(570,63): warning C4305: аргумент: усечение из "double" в "GLfloat"
C:\Users\user\Desktop\ДЛЯ ИГРЫ\МОЯ ИГРА\tut_Basic_Objects\main.cpp(573,30): warning C4305: аргумент: усечение из "double" в "GLfloat"
C:\Users\user\Desktop\ДЛЯ ИГРЫ\МОЯ ИГРА\tut_Basic_Objects\main.cpp(573,61): warning C4305: аргумент: усечение из "double" в "GLfloat"
C:\Users\user\Desktop\ДЛЯ ИГРЫ\МОЯ ИГРА\tut_Basic_Objects\main.cpp(574,31): warning C4305: аргумент: усечение из "double" в "GLfloat"
C:\Users\user\Desktop\ДЛЯ ИГРЫ\МОЯ ИГРА\tut_Basic_Objects\main.cpp(574,63): warning C4305: аргумент: усечение из "double" в "GLfloat"
C:\Users\user\Desktop\ДЛЯ ИГРЫ\МОЯ ИГРА\tut_Basic_Objects\main.cpp(576,31): warning C4305: аргумент: усечение из "double" в "GLfloat"
C:\Users\user\Desktop\ДЛЯ ИГРЫ\МОЯ ИГРА\tut_Basic_Objects\main.cpp(576,62): warning C4305: аргумент: усечение из "double" в "GLfloat"
C:\Users\user\Desktop\ДЛЯ ИГРЫ\МОЯ ИГРА\tut_Basic_Objects\main.cpp(577,31): warning C4305: аргумент: усечение из "double" в "GLfloat"
C:\Users\user\Desktop\ДЛЯ ИГРЫ\МОЯ ИГРА\tut_Basic_Objects\main.cpp(577,63): warning C4305: аргумент: усечение из "double" в "GLfloat"
C:\Users\user\Desktop\ДЛЯ ИГРЫ\МОЯ ИГРА\tut_Basic_Objects\main.cpp(587,20): warning C4305: +=: усечение из "double" в "GLfloat"
C:\Users\user\Desktop\ДЛЯ ИГРЫ\МОЯ ИГРА\tut_Basic_Objects\main.cpp(592,20): warning C4305: -=: усечение из "double" в "GLfloat"
C:\Users\user\Desktop\ДЛЯ ИГРЫ\МОЯ ИГРА\tut_Basic_Objects\main.cpp(597,20): warning C4305: +=: усечение из "double" в "GLfloat"
C:\Users\user\Desktop\ДЛЯ ИГРЫ\МОЯ ИГРА\tut_Basic_Objects\main.cpp(602,20): warning C4305: -=: усечение из "double" в "GLfloat"
  tut_Basic_Objects.vcxproj -> C:\Users\user\Desktop\ДЛЯ ИГРЫ\МОЯ ИГРА\Debug\tut_Basic_Objects.exe
